<?xml version="1.0" encoding="utf-8"?>
<TestRun id="d0a41f92-2404-40f0-af2b-0656fd3b1eb0" name="MInhhoangg@MINHHOANGG 2026-07-04 01:23:57" runUser="MINHHOANGG\MInhhoangg" xmlns="http://microsoft.com/schemas/VisualStudio/TeamTest/2010">
  <Times creation="2026-07-04T01:23:57.9461225+07:00" queuing="2026-07-04T01:23:57.9461226+07:00" start="2026-07-04T01:23:57.5268221+07:00" finish="2026-07-04T01:23:58.0170068+07:00" />
  <TestSettings name="default" id="98099450-a858-4bca-a427-fd419230d1c2">
    <Deployment runDeploymentRoot="MInhhoangg_MINHHOANGG_2026-07-04_01_23_57" />
  </TestSettings>
  <Results>
    <UnitTestResult executionId="a1480685-65af-4df7-a14c-6c676b16bb98" testId="22a56365-d5b9-ca63-2e52-3cc5aafa303b" testName="Core.Tests.SettingsChangeClassifierTests.Classify_MatchesCatalogTable(field: StreamingCodec, expected: ReMode)" computerName="MINHHOANGG" duration="00:00:00.0000007" startTime="2026-07-04T01:23:57.9302345+07:00" endTime="2026-07-04T01:23:57.9302345+07:00" testType="13cdc9d9-ddb5-4fa4-a97d-d965ccfc6d4b" outcome="Passed" testListId="8c84fa94-04c1-424b-9868-57a2d4851a1d" relativeResultsDirectory="a1480685-65af-4df7-a14c-6c676b16bb98" />
    <UnitTestResult executionId="5954e86b-ac91-4d3e-87aa-78c58bb40301" testId="08909fa9-db17-3fdb-aa39-ad2d1dafa6a6" testName="DisplayBridge.Core.Tests.VirtualMonitorLocatorTests.ToScreenPixels_ZeroNormalized_ReturnsRectTopLeft" computerName="MINHHOANGG" duration="00:00:00.0000782" startTime="2026-07-04T01:23:57.9318084+07:00" endTime="2026-07-04T01:23:57.9318084+07:00" testType="13cdc9d9-ddb5-4fa4-a97d-d965ccfc6d4b" outcome="Passed" testListId="8c84fa94-04c1-424b-9868-57a2d4851a1d" relativeResultsDirectory="5954e86b-ac91-4d3e-87aa-78c58bb40301" />
    <UnitTestResult executionId="22114cbc-e740-4684-a4d6-3415869f8d04" testId="21978119-2712-349c-6f4e-29b5ec80c349" testName="DisplayBridge.Core.Tests.ProtocolRoundtripTests.TouchEvent_Roundtrips" computerName="MINHHOANGG" duration="00:00:00.0005886" startTime="2026-07-04T01:23:57.9303229+07:00" endTime="2026-07-04T01:23:57.9303229+07:00" testType="13cdc9d9-ddb5-4fa4-a97d-d965ccfc6d4b" outcome="Passed" testListId="8c84fa94-04c1-424b-9868-57a2d4851a1d" relativeResultsDirectory="22114cbc-e740-4684-a4d6-3415869f8d04" />
    <UnitTestResult executionId="a2a2a6e3-9c2b-4094-864b-5b4b4c4dc738" testId="6d54cc4e-dbbe-b976-f44c-841dbefa866b" testName="Core.Tests.SettingsChangeClassifierTests.Classify_MatchesCatalogTable(field: StreamingQualityPreset, expected: Live)" computerName="MINHHOANGG" duration="00:00:00.0000007" startTime="2026-07-04T01:23:57.9297708+07:00" endTime="2026-07-04T01:23:57.9297709+07:00" testType="13cdc9d9-ddb5-4fa4-a97d-d965ccfc6d4b" outcome="Passed" testListId="8c84fa94-04c1-424b-9868-57a2d4851a1d" relativeResultsDirectory="a2a2a6e3-9c2b-4094-864b-5b4b4c4dc738" />
    <UnitTestResult executionId="37cf715f-0eaf-42df-8b32-78a6c2e11091" testId="424afcd0-9ddf-b9c0-1915-38d0828c1ac5" testName="Core.Tests.SettingsChangeClassifierTests.Classify_MatchesCatalogTable(field: ConnectionTransport, expected: Reconnect)" computerName="MINHHOANGG" duration="00:00:00.0000007" startTime="2026-07-04T01:23:57.9299610+07:00" endTime="2026-07-04T01:23:57.9299611+07:00" testType="13cdc9d9-ddb5-4fa4-a97d-d965ccfc6d4b" outcome="Passed" testListId="8c84fa94-04c1-424b-9868-57a2d4851a1d" relativeResultsDirectory="37cf715f-0eaf-42df-8b32-78a6c2e11091" />
    <UnitTestResult executionId="f6ac9bba-cb35-4c40-9b73-ee91189ebd7c" testId="324fe1eb-45a1-9ca6-7f78-96ce7784500a" testName="Core.Tests.SettingsChangeClassifierTests.Classify_MatchesCatalogTable(field: StreamingAdaptiveBitrate, expected: Live)" computerName="MINHHOANGG" duration="00:00:00.0000008" startTime="2026-07-04T01:23:57.9295351+07:00" endTime="2026-07-04T01:23:57.9295351+07:00" testType="13cdc9d9-ddb5-4fa4-a97d-d965ccfc6d4b" outcome="Passed" testListId="8c84fa94-04c1-424b-9868-57a2d4851a1d" relativeResultsDirectory="f6ac9bba-cb35-4c40-9b73-ee91189ebd7c" />
    <UnitTestResult executionId="787aaab6-91e3-4831-bb2a-3941e759934f" testId="62c95cf0-9971-bb8f-b507-59e3149bbd22" testName="DisplayBridge.Core.Tests.ProtocolRoundtripTests.Stats_Roundtrips" computerName="MINHHOANGG" duration="00:00:00.0004557" startTime="2026-07-04T01:23:57.9312825+07:00" endTime="2026-07-04T01:23:57.9312825+07:00" testType="13cdc9d9-ddb5-4fa4-a97d-d965ccfc6d4b" outcome="Passed" testListId="8c84fa94-04c1-424b-9868-57a2d4851a1d" relativeResultsDirectory="787aaab6-91e3-4831-bb2a-3941e759934f" />
    <UnitTestResult executionId="4432f068-f554-439c-bebb-e027e778daf0" testId="25999754-bf3e-97e7-0f5c-367f8e5b5764" testName="DisplayBridge.Core.Tests.VirtualMonitorLocatorTests.GetVirtualDisplayRect_RunsAgainstRealDesktop_ReturnsNonDegenerateRect" computerName="MINHHOANGG" duration="00:00:00.0035757" startTime="2026-07-04T01:23:57.9310067+07:00" endTime="2026-07-04T01:23:57.9310067+07:00" testType="13cdc9d9-ddb5-4fa4-a97d-d965ccfc6d4b" outcome="Passed" testListId="8c84fa94-04c1-424b-9868-57a2d4851a1d" relativeResultsDirectory="4432f068-f554-439c-bebb-e027e778daf0" />
    <UnitTestResult executionId="45c0ff37-407a-4411-ae25-22bbc77fe616" testId="e58be24f-3ce1-91ca-026f-179b79f55743" testName="DisplayBridge.Core.Tests.ProtocolRoundtripTests.Caps_Roundtrips" computerName="MINHHOANGG" duration="00:00:00.0054576" startTime="2026-07-04T01:23:57.9284105+07:00" endTime="2026-07-04T01:23:57.9284106+07:00" testType="13cdc9d9-ddb5-4fa4-a97d-d965ccfc6d4b" outcome="Passed" testListId="8c84fa94-04c1-424b-9868-57a2d4851a1d" relativeResultsDirectory="45c0ff37-407a-4411-ae25-22bbc77fe616" />
    <UnitTestResult executionId="b57abb80-582a-4a71-a5a6-b8a86da9dab4" testId="c91f4872-a3e7-6188-d102-3787d127285b" testName="Core.Tests.SettingsChangeClassifierTests.Classify_MatchesCatalogTable(field: DiagnosticsStatsOverlay, expected: Live)" computerName="MINHHOANGG" duration="00:00:00.0000008" startTime="2026-07-04T01:23:57.9299230+07:00" endTime="2026-07-04T01:23:57.9299230+07:00" testType="13cdc9d9-ddb5-4fa4-a97d-d965ccfc6d4b" outcome="Passed" testListId="8c84fa94-04c1-424b-9868-57a2d4851a1d" relativeResultsDirectory="b57abb80-582a-4a71-a5a6-b8a86da9dab4" />
    <UnitTestResult executionId="fd06352e-0876-4295-87fd-b4a362ab13d5" testId="03680a0e-ae33-a648-116e-82caf615db3f" testName="Core.Tests.SettingsStoreTests.Load_FileMissingNewFields_MigratesWithDefaults" computerName="MINHHOANGG" duration="00:00:00.0022883" startTime="2026-07-04T01:23:57.9777364+07:00" endTime="2026-07-04T01:23:57.9777365+07:00" testType="13cdc9d9-ddb5-4fa4-a97d-d965ccfc6d4b" outcome="Passed" testListId="8c84fa94-04c1-424b-9868-57a2d4851a1d" relativeResultsDirectory="fd06352e-0876-4295-87fd-b4a362ab13d5" />
    <UnitTestResult executionId="55d763f1-15a4-4c70-b906-a51b3996c622" testId="63bdfd35-2178-1036-69db-91644f862ada" testName="DisplayBridge.Core.Tests.InputModeClassifierTests.TwoFingers_Concurrent_RoutesToTouch" computerName="MINHHOANGG" duration="00:00:00.0040780" startTime="2026-07-04T01:23:57.9100714+07:00" endTime="2026-07-04T01:23:57.9100716+07:00" testType="13cdc9d9-ddb5-4fa4-a97d-d965ccfc6d4b" outcome="Passed" testListId="8c84fa94-04c1-424b-9868-57a2d4851a1d" relativeResultsDirectory="55d763f1-15a4-4c70-b906-a51b3996c622" />
    <UnitTestResult executionId="6419adee-00e7-4e4d-9622-51f4fd59cd87" testId="a261d2bd-5296-dc1b-3504-feea110e01f9" testName="Core.Tests.SettingsChangeClassifierTests.Classify_MatchesCatalogTable(field: DisplayRefreshRateHz, expected: ReMode)" computerName="MINHHOANGG" duration="00:00:00.0000008" startTime="2026-07-04T01:23:57.9302140+07:00" endTime="2026-07-04T01:23:57.9302141+07:00" testType="13cdc9d9-ddb5-4fa4-a97d-d965ccfc6d4b" outcome="Passed" testListId="8c84fa94-04c1-424b-9868-57a2d4851a1d" relativeResultsDirectory="6419adee-00e7-4e4d-9622-51f4fd59cd87" />
    <UnitTestResult executionId="a85f2a75-b6b5-4d73-a1d9-c1a315ff8fd7" testId="5bf1fe1d-2f0e-8e41-97d5-ee53764bd883" testName="Core.Tests.SettingsChangeClassifierTests.Classify_MatchesCatalogTable(field: DiagnosticsLatencyHud, expected: Live)" computerName="MINHHOANGG" duration="00:00:00.0000009" startTime="2026-07-04T01:23:57.9295168+07:00" endTime="2026-07-04T01:23:57.9295168+07:00" testType="13cdc9d9-ddb5-4fa4-a97d-d965ccfc6d4b" outcome="Passed" testListId="8c84fa94-04c1-424b-9868-57a2d4851a1d" relativeResultsDirectory="a85f2a75-b6b5-4d73-a1d9-c1a315ff8fd7" />
    <UnitTestResult executionId="50dc029b-9340-467b-9bc2-e97ccfe897e6" testId="0b6fcc64-6764-33ba-0158-595a98bbf7cc" testName="Core.Tests.SettingsChangeClassifierTests.Classify_MatchesCatalogTable(field: StreamingLatencyPriority, expected: Live)" computerName="MINHHOANGG" duration="00:00:00.0000077" startTime="2026-07-04T01:23:57.9294964+07:00" endTime="2026-07-04T01:23:57.9294965+07:00" testType="13cdc9d9-ddb5-4fa4-a97d-d965ccfc6d4b" outcome="Passed" testListId="8c84fa94-04c1-424b-9868-57a2d4851a1d" relativeResultsDirectory="50dc029b-9340-467b-9bc2-e97ccfe897e6" />
    <UnitTestResult executionId="9fb7fa21-22f0-45a6-a0bb-7e7eaf6fae77" testId="8764ecfc-24a4-f552-e595-e7a13c12c8bf" testName="DisplayBridge.Core.Tests.VirtualMonitorLocatorTests.ToScreenPixels_MidpointNormalized_ReturnsRectCenter" computerName="MINHHOANGG" duration="00:00:00.0029302" startTime="2026-07-04T01:23:57.9098881+07:00" endTime="2026-07-04T01:23:57.9098882+07:00" testType="13cdc9d9-ddb5-4fa4-a97d-d965ccfc6d4b" outcome="Passed" testListId="8c84fa94-04c1-424b-9868-57a2d4851a1d" relativeResultsDirectory="9fb7fa21-22f0-45a6-a0bb-7e7eaf6fae77" />
    <UnitTestResult executionId="9e7b621c-abbc-422d-9986-87d9a9e250b9" testId="0011b5a9-3241-d0c4-a9f7-be1b1975b95b" testName="Core.Tests.SettingsChangeClassifierTests.Classify_MatchesCatalogTable(field: ConnectionAutoConnect, expected: WindowsApi)" computerName="MINHHOANGG" duration="00:00:00.0000007" startTime="2026-07-04T01:23:57.9299427+07:00" endTime="2026-07-04T01:23:57.9299428+07:00" testType="13cdc9d9-ddb5-4fa4-a97d-d965ccfc6d4b" outcome="Passed" testListId="8c84fa94-04c1-424b-9868-57a2d4851a1d" relativeResultsDirectory="9e7b621c-abbc-422d-9986-87d9a9e250b9" />
    <UnitTestResult executionId="baff0a9e-bd8f-41e4-a51b-b2faba71da9a" testId="39653fa4-6b9f-c5c4-7c4c-bdc0fda66876" testName="Core.Tests.SettingsStoreTests.SaveThenLoad_RoundtripsAllFields" computerName="MINHHOANGG" duration="00:00:00.0617312" startTime="2026-07-04T01:23:57.9745075+07:00" endTime="2026-07-04T01:23:57.9745079+07:00" testType="13cdc9d9-ddb5-4fa4-a97d-d965ccfc6d4b" outcome="Passed" testListId="8c84fa94-04c1-424b-9868-57a2d4851a1d" relativeResultsDirectory="baff0a9e-bd8f-41e4-a51b-b2faba71da9a" />
    <UnitTestResult executionId="a00783d4-864e-4de0-8edc-d202cb5642cb" testId="c8dcf31f-f13f-34f3-cd3b-4dfd1194574c" testName="DisplayBridge.Core.Tests.InputModeClassifierTests.SingleFinger_InEdgeZone_ForcesTouchRoute(x: 32768, y: 0)" computerName="MINHHOANGG" duration="00:00:00.0000079" startTime="2026-07-04T01:23:57.9309514+07:00" endTime="2026-07-04T01:23:57.9309515+07:00" testType="13cdc9d9-ddb5-4fa4-a97d-d965ccfc6d4b" outcome="Passed" testListId="8c84fa94-04c1-424b-9868-57a2d4851a1d" relativeResultsDirectory="a00783d4-864e-4de0-8edc-d202cb5642cb" />
    <UnitTestResult executionId="e2f4aa39-5679-4d96-96ae-f68fbbf4ce5f" testId="a0fb0b9d-de75-30bf-accd-ac4325611916" testName="Core.Tests.SettingsChangeClassifierTests.Classify_MatchesCatalogTable(field: ConnectionPorts, expected: Reconnect)" computerName="MINHHOANGG" duration="00:00:00.0002265" startTime="2026-07-04T01:23:57.9294735+07:00" endTime="2026-07-04T01:23:57.9294735+07:00" testType="13cdc9d9-ddb5-4fa4-a97d-d965ccfc6d4b" outcome="Passed" testListId="8c84fa94-04c1-424b-9868-57a2d4851a1d" relativeResultsDirectory="e2f4aa39-5679-4d96-96ae-f68fbbf4ce5f" />
    <UnitTestResult executionId="fbc55480-da53-4b95-9baa-3e91c745a2ce" testId="186d6ed7-fa2c-3ea3-916d-47be6be1ed22" testName="DisplayBridge.Core.Tests.FramingAndVideoFrameTests.WriteFramed_ThenReadFramed_RoundtripsModeAck" computerName="MINHHOANGG" duration="00:00:00.0004332" startTime="2026-07-04T01:23:57.9317171+07:00" endTime="2026-07-04T01:23:57.9317171+07:00" testType="13cdc9d9-ddb5-4fa4-a97d-d965ccfc6d4b" outcome="Passed" testListId="8c84fa94-04c1-424b-9868-57a2d4851a1d" relativeResultsDirectory="fbc55480-da53-4b95-9baa-3e91c745a2ce" />
    <UnitTestResult executionId="51fecc90-24b0-4f97-8c26-356768ac3e9d" testId="27ed0ff6-6d77-e925-5937-697d647f9a91" testName="Core.Tests.SettingsChangeClassifierTests.Classify_MatchesCatalogTable(field: InputTouchEnabled, expected: Live)" computerName="MINHHOANGG" duration="00:00:00.0000780" startTime="2026-07-04T01:23:57.9294269+07:00" endTime="2026-07-04T01:23:57.9294269+07:00" testType="13cdc9d9-ddb5-4fa4-a97d-d965ccfc6d4b" outcome="Passed" testListId="8c84fa94-04c1-424b-9868-57a2d4851a1d" relativeResultsDirectory="51fecc90-24b0-4f97-8c26-356768ac3e9d" />
    <UnitTestResult executionId="1b0a3c87-e9f7-4ef5-9f90-507f653a0acb" testId="03f0159e-9441-4e1b-a64f-b5b4bc789fd4" testName="DisplayBridge.Core.Tests.ProtocolRoundtripTests.TouchBatch_Roundtrips" computerName="MINHHOANGG" duration="00:00:00.0009337" startTime="2026-07-04T01:23:57.9316973+07:00" endTime="2026-07-04T01:23:57.9316973+07:00" testType="13cdc9d9-ddb5-4fa4-a97d-d965ccfc6d4b" outcome="Passed" testListId="8c84fa94-04c1-424b-9868-57a2d4851a1d" relativeResultsDirectory="1b0a3c87-e9f7-4ef5-9f90-507f653a0acb" />
    <UnitTestResult executionId="ac38abc7-6dd0-4bd3-b947-0facca9e9da4" testId="5855e6cb-100e-5daa-92b3-f08779a83f87" testName="DisplayBridge.Core.Tests.ProtocolRoundtripTests.Config_Roundtrips" computerName="MINHHOANGG" duration="00:00:00.0005430" startTime="2026-07-04T01:23:57.9307028+07:00" endTime="2026-07-04T01:23:57.9307029+07:00" testType="13cdc9d9-ddb5-4fa4-a97d-d965ccfc6d4b" outcome="Passed" testListId="8c84fa94-04c1-424b-9868-57a2d4851a1d" relativeResultsDirectory="ac38abc7-6dd0-4bd3-b947-0facca9e9da4" />
    <UnitTestResult executionId="3a9da8e1-30bd-4de9-a496-497917563832" testId="a6061d0e-8278-082a-c0c2-dfa0aeed1d95" testName="DisplayBridge.Core.Tests.ProtocolRoundtripTests.ConfigUpdate_Roundtrips_EmptyList" computerName="MINHHOANGG" duration="00:00:00.0005212" startTime="2026-07-04T01:23:57.9313642+07:00" endTime="2026-07-04T01:23:57.9313643+07:00" testType="13cdc9d9-ddb5-4fa4-a97d-d965ccfc6d4b" outcome="Passed" testListId="8c84fa94-04c1-424b-9868-57a2d4851a1d" relativeResultsDirectory="3a9da8e1-30bd-4de9-a496-497917563832" />
    <UnitTestResult executionId="760a1fca-66c7-45de-802d-dcc6d359ad92" testId="3ddf3e42-fd9c-f730-0a3e-2738a1dfdd77" testName="DisplayBridge.Core.Tests.InputModeClassifierTests.SingleFinger_CenterOfScreen_NotInEdgeZone" computerName="MINHHOANGG" duration="00:00:00.0000579" startTime="2026-07-04T01:23:57.9310706+07:00" endTime="2026-07-04T01:23:57.9310707+07:00" testType="13cdc9d9-ddb5-4fa4-a97d-d965ccfc6d4b" outcome="Passed" testListId="8c84fa94-04c1-424b-9868-57a2d4851a1d" relativeResultsDirectory="760a1fca-66c7-45de-802d-dcc6d359ad92" />
    <UnitTestResult executionId="0ccdfafe-145c-4319-8c79-7319f84dc0b0" testId="869528b9-97b2-bd24-a3c5-d344b8d489ba" testName="DisplayBridge.Core.Tests.VideoStreamServerTests.Server_SendsQueuedFrame_ToConnectedClient_WithCorrectFraming" computerName="MINHHOANGG" duration="00:00:00.0072564" startTime="2026-07-04T01:23:57.9318214+07:00" endTime="2026-07-04T01:23:57.9318215+07:00" testType="13cdc9d9-ddb5-4fa4-a97d-d965ccfc6d4b" outcome="Passed" testListId="8c84fa94-04c1-424b-9868-57a2d4851a1d" relativeResultsDirectory="0ccdfafe-145c-4319-8c79-7319f84dc0b0" />
    <UnitTestResult executionId="92290fe9-d118-4fd8-9906-436443d35775" testId="277ae275-92fd-ae4c-53b7-c09fc68f17a4" testName="DisplayBridge.Core.Tests.FramingAndVideoFrameTests.WriteFramed_ThenReadFramed_RoundtripsAllMessageTypes" computerName="MINHHOANGG" duration="00:00:00.0037080" startTime="2026-07-04T01:23:57.9316741+07:00" endTime="2026-07-04T01:23:57.9316742+07:00" testType="13cdc9d9-ddb5-4fa4-a97d-d965ccfc6d4b" outcome="Passed" testListId="8c84fa94-04c1-424b-9868-57a2d4851a1d" relativeResultsDirectory="92290fe9-d118-4fd8-9906-436443d35775" />
    <UnitTestResult executionId="42df58f4-97c4-4d0e-bc59-2f0fd6e84d54" testId="e2dd1344-1eb8-55dc-1528-c95e3100fc43" testName="DisplayBridge.Core.Tests.FakeInjectorTests.Dispatcher_RoutesCursorSample_ToCursorInjectorOnly" computerName="MINHHOANGG" duration="00:00:00.0056628" startTime="2026-07-04T01:23:57.9284323+07:00" endTime="2026-07-04T01:23:57.9284324+07:00" testType="13cdc9d9-ddb5-4fa4-a97d-d965ccfc6d4b" outcome="Passed" testListId="8c84fa94-04c1-424b-9868-57a2d4851a1d" relativeResultsDirectory="42df58f4-97c4-4d0e-bc59-2f0fd6e84d54" />
    <UnitTestResult executionId="6d44d37a-b851-4fc2-b033-2448c6ec1f50" testId="fea40cb1-1d1a-501f-759a-0d2065ed64a7" testName="DisplayBridge.Core.Tests.ProtocolRoundtripTests.TouchBatch_Roundtrips_EmptyList" computerName="MINHHOANGG" duration="00:00:00.0002130" startTime="2026-07-04T01:23:57.9317699+07:00" endTime="2026-07-04T01:23:57.9317700+07:00" testType="13cdc9d9-ddb5-4fa4-a97d-d965ccfc6d4b" outcome="Passed" testListId="8c84fa94-04c1-424b-9868-57a2d4851a1d" relativeResultsDirectory="6d44d37a-b851-4fc2-b033-2448c6ec1f50" />
    <UnitTestResult executionId="aff686e1-1b67-44ce-b09b-9e2356f874ea" testId="7be56a48-328d-3ee0-7e13-b30a95107f56" testName="DisplayBridge.Core.Tests.InputModeClassifierTests.SingleFinger_AwayFromEdge_RoutesToCursor" computerName="MINHHOANGG" duration="00:00:00.0000604" startTime="2026-07-04T01:23:57.9306857+07:00" endTime="2026-07-04T01:23:57.9306857+07:00" testType="13cdc9d9-ddb5-4fa4-a97d-d965ccfc6d4b" outcome="Passed" testListId="8c84fa94-04c1-424b-9868-57a2d4851a1d" relativeResultsDirectory="aff686e1-1b67-44ce-b09b-9e2356f874ea" />
    <UnitTestResult executionId="77b158b5-d0e3-4b4b-acbd-863edff31855" testId="57a92152-99a4-36fe-2f7d-57b727cbe8a3" testName="Core.Tests.SettingsStoreTests.Validate_NoLongerThrows_ResolutionIsAlwaysFromCaps" computerName="MINHHOANGG" duration="00:00:00.0045300" startTime="2026-07-04T01:23:57.9081356+07:00" endTime="2026-07-04T01:23:57.9081575+07:00" testType="13cdc9d9-ddb5-4fa4-a97d-d965ccfc6d4b" outcome="Passed" testListId="8c84fa94-04c1-424b-9868-57a2d4851a1d" relativeResultsDirectory="77b158b5-d0e3-4b4b-acbd-863edff31855" />
    <UnitTestResult executionId="45d40542-aa66-4ba1-8bce-a624b7af974d" testId="f9fa65c8-bc2b-4639-143d-38c3b8e06140" testName="DisplayBridge.Core.Tests.ProtocolRoundtripTests.ModeChange_Roundtrips" computerName="MINHHOANGG" duration="00:00:00.0002048" startTime="2026-07-04T01:23:57.9317290+07:00" endTime="2026-07-04T01:23:57.9317291+07:00" testType="13cdc9d9-ddb5-4fa4-a97d-d965ccfc6d4b" outcome="Passed" testListId="8c84fa94-04c1-424b-9868-57a2d4851a1d" relativeResultsDirectory="45d40542-aa66-4ba1-8bce-a624b7af974d" />
    <UnitTestResult executionId="7d115dee-fd49-4a2a-b306-d833ed610b6d" testId="023d7b21-8d76-79fa-5f6c-b4e0d4387cc9" testName="DisplayBridge.Core.Tests.ProtocolRoundtripTests.ConfigUpdate_Roundtrips" computerName="MINHHOANGG" duration="00:00:00.0004050" startTime="2026-07-04T01:23:57.9317512+07:00" endTime="2026-07-04T01:23:57.9317512+07:00" testType="13cdc9d9-ddb5-4fa4-a97d-d965ccfc6d4b" outcome="Passed" testListId="8c84fa94-04c1-424b-9868-57a2d4851a1d" relativeResultsDirectory="7d115dee-fd49-4a2a-b306-d833ed610b6d" />
    <UnitTestResult executionId="6f02b0c4-c218-439e-ae77-37c9fe717aff" testId="11d93cd5-3203-942a-9776-222f309daf35" testName="Core.Tests.SettingsStoreTests.Clamp_FpsCapAboveRefreshRate_IsClampedToRefreshRate" computerName="MINHHOANGG" duration="00:00:00.0021411" startTime="2026-07-04T01:23:57.9302781+07:00" endTime="2026-07-04T01:23:57.9302781+07:00" testType="13cdc9d9-ddb5-4fa4-a97d-d965ccfc6d4b" outcome="Passed" testListId="8c84fa94-04c1-424b-9868-57a2d4851a1d" relativeResultsDirectory="6f02b0c4-c218-439e-ae77-37c9fe717aff" />
    <UnitTestResult executionId="58108a31-87d6-4edb-b846-8cf5890d4f23" testId="067f8747-807e-9923-c914-2f8806872dd8" testName="Core.Tests.SettingsChangeClassifierTests.Classify_MatchesCatalogTable(field: InputMode, expected: Live)" computerName="MINHHOANGG" duration="00:00:00.0000009" startTime="2026-07-04T01:23:57.9299948+07:00" endTime="2026-07-04T01:23:57.9299949+07:00" testType="13cdc9d9-ddb5-4fa4-a97d-d965ccfc6d4b" outcome="Passed" testListId="8c84fa94-04c1-424b-9868-57a2d4851a1d" relativeResultsDirectory="58108a31-87d6-4edb-b846-8cf5890d4f23" />
    <UnitTestResult executionId="bffb5d0d-fab6-4c6a-bae3-60d41b89dd17" testId="6321b09a-9e61-1744-127a-5b9be732244e" testName="Core.Tests.SettingsChangeClassifierTests.ClassifyBatch_MixOfLiveAndReconnect_ReturnsReconnect" computerName="MINHHOANGG" duration="00:00:00.0061745" startTime="2026-07-04T01:23:57.9284673+07:00" endTime="2026-07-04T01:23:57.9284673+07:00" testType="13cdc9d9-ddb5-4fa4-a97d-d965ccfc6d4b" outcome="Passed" testListId="8c84fa94-04c1-424b-9868-57a2d4851a1d" relativeResultsDirectory="bffb5d0d-fab6-4c6a-bae3-60d41b89dd17" />
    <UnitTestResult executionId="a258e250-14ed-4670-ad87-d789af129dbe" testId="66ddf6e0-53ec-d84a-6e87-5c839f0f2984" testName="DisplayBridge.Core.Tests.VirtualMonitorLocatorTests.ToScreenPixels_DoesNotClampIntoPrimaryOnlySize_EvenWhenPrimaryIsLarger" computerName="MINHHOANGG" duration="00:00:00.0000860" startTime="2026-07-04T01:23:57.9282433+07:00" endTime="2026-07-04T01:23:57.9282435+07:00" testType="13cdc9d9-ddb5-4fa4-a97d-d965ccfc6d4b" outcome="Passed" testListId="8c84fa94-04c1-424b-9868-57a2d4851a1d" relativeResultsDirectory="a258e250-14ed-4670-ad87-d789af129dbe" />
    <UnitTestResult executionId="9b615200-eef5-4cca-b48e-bdb8cc5dd878" testId="6cbcb859-9c25-e83c-a670-fa48b737aef5" testName="DisplayBridge.Core.Tests.ProtocolRoundtripTests.ModeAck_Roundtrips" computerName="MINHHOANGG" duration="00:00:00.0003879" startTime="2026-07-04T01:23:57.9309874+07:00" endTime="2026-07-04T01:23:57.9309874+07:00" testType="13cdc9d9-ddb5-4fa4-a97d-d965ccfc6d4b" outcome="Passed" testListId="8c84fa94-04c1-424b-9868-57a2d4851a1d" relativeResultsDirectory="9b615200-eef5-4cca-b48e-bdb8cc5dd878" />
    <UnitTestResult executionId="347f3d8b-52c1-40c2-a7a4-f2b0903f997a" testId="d58a746e-7fc1-f27e-d5ed-c71e1ec0348c" testName="Core.Tests.SettingsChangeClassifierTests.ClassifyBatch_ReModeTakesPriorityOverReconnect" computerName="MINHHOANGG" duration="00:00:00.0000894" startTime="2026-07-04T01:23:57.9305798+07:00" endTime="2026-07-04T01:23:57.9305799+07:00" testType="13cdc9d9-ddb5-4fa4-a97d-d965ccfc6d4b" outcome="Passed" testListId="8c84fa94-04c1-424b-9868-57a2d4851a1d" relativeResultsDirectory="347f3d8b-52c1-40c2-a7a4-f2b0903f997a" />
    <UnitTestResult executionId="568915cc-3a8f-425c-a2aa-dbe9fc78fdcf" testId="c96ac0d7-e7c4-2a5f-37a1-ebc6be2bf480" testName="Core.Tests.SettingsStoreTests.Load_WhenFileMissing_ReturnsDefaults" computerName="MINHHOANGG" duration="00:00:00.0029209" startTime="2026-07-04T01:23:57.9314108+07:00" endTime="2026-07-04T01:23:57.9314108+07:00" testType="13cdc9d9-ddb5-4fa4-a97d-d965ccfc6d4b" outcome="Passed" testListId="8c84fa94-04c1-424b-9868-57a2d4851a1d" relativeResultsDirectory="568915cc-3a8f-425c-a2aa-dbe9fc78fdcf" />
    <UnitTestResult executionId="80fc5a6d-c9ed-41f3-8630-d1c1f5774bd3" testId="2f2fd36a-518c-45e1-307e-5997d168f7e2" testName="DisplayBridge.Core.Tests.InputModeClassifierTests.Cancel_RemovesPointerFromActiveSet" computerName="MINHHOANGG" duration="00:00:00.0026598" startTime="2026-07-04T01:23:57.9306402+07:00" endTime="2026-07-04T01:23:57.9306402+07:00" testType="13cdc9d9-ddb5-4fa4-a97d-d965ccfc6d4b" outcome="Passed" testListId="8c84fa94-04c1-424b-9868-57a2d4851a1d" relativeResultsDirectory="80fc5a6d-c9ed-41f3-8630-d1c1f5774bd3" />
    <UnitTestResult executionId="d245ea4f-c322-4a7e-9635-9171c3892570" testId="6b2218c8-0b74-e54b-1149-e2f1e91feccf" testName="Core.Tests.SettingsChangeClassifierTests.Classify_MatchesCatalogTable(field: InputPenPressureEnabled, expected: Live)" computerName="MINHHOANGG" duration="00:00:00.0000059" startTime="2026-07-04T01:23:57.9298491+07:00" endTime="2026-07-04T01:23:57.9298492+07:00" testType="13cdc9d9-ddb5-4fa4-a97d-d965ccfc6d4b" outcome="Passed" testListId="8c84fa94-04c1-424b-9868-57a2d4851a1d" relativeResultsDirectory="d245ea4f-c322-4a7e-9635-9171c3892570" />
    <UnitTestResult executionId="5a7e90ed-d063-4cc0-9766-5831d4d4cdd0" testId="6a625dba-37da-7e46-0a7f-82b47ea4784b" testName="DisplayBridge.Core.Tests.InputModeClassifierTests.SecondFinger_Up_ReturnsToCursorRoute" computerName="MINHHOANGG" duration="00:00:00.0001048" startTime="2026-07-04T01:23:57.9312606+07:00" endTime="2026-07-04T01:23:57.9312606+07:00" testType="13cdc9d9-ddb5-4fa4-a97d-d965ccfc6d4b" outcome="Passed" testListId="8c84fa94-04c1-424b-9868-57a2d4851a1d" relativeResultsDirectory="5a7e90ed-d063-4cc0-9766-5831d4d4cdd0" />
    <UnitTestResult executionId="f0fcf294-60a5-4e87-8fcb-11b259364f10" testId="838672e3-25c2-1936-ba03-354827c59174" testName="DisplayBridge.Core.Tests.ProtocolRoundtripTests.SettingRequest_Roundtrips" computerName="MINHHOANGG" duration="00:00:00.0010302" startTime="2026-07-04T01:23:57.9295448+07:00" endTime="2026-07-04T01:23:57.9295448+07:00" testType="13cdc9d9-ddb5-4fa4-a97d-d965ccfc6d4b" outcome="Passed" testListId="8c84fa94-04c1-424b-9868-57a2d4851a1d" relativeResultsDirectory="f0fcf294-60a5-4e87-8fcb-11b259364f10" />
    <UnitTestResult executionId="2fc35315-ac88-4bef-ab48-29867507baf7" testId="81b6f0c8-0b45-a1f3-42a4-afb65532ed15" testName="DisplayBridge.Core.Tests.InputModeClassifierTests.NeedsCursorReleaseBeforeSwitch_TrueOnlyGoingCursorToTouch" computerName="MINHHOANGG" duration="00:00:00.0001563" startTime="2026-07-04T01:23:57.9283169+07:00" endTime="2026-07-04T01:23:57.9283170+07:00" testType="13cdc9d9-ddb5-4fa4-a97d-d965ccfc6d4b" outcome="Passed" testListId="8c84fa94-04c1-424b-9868-57a2d4851a1d" relativeResultsDirectory="2fc35315-ac88-4bef-ab48-29867507baf7" />
    <UnitTestResult executionId="e565cc32-a558-484c-9569-73aa242a4c34" testId="dc325a19-cefe-e6ce-d104-232785b2496e" testName="DisplayBridge.Core.Tests.FakeInjectorTests.Dispatcher_RoutesMultiTouchSample_ToTouchInjectorOnly" computerName="MINHHOANGG" duration="00:00:00.0002977" startTime="2026-07-04T01:23:57.9284578+07:00" endTime="2026-07-04T01:23:57.9284579+07:00" testType="13cdc9d9-ddb5-4fa4-a97d-d965ccfc6d4b" outcome="Passed" testListId="8c84fa94-04c1-424b-9868-57a2d4851a1d" relativeResultsDirectory="e565cc32-a558-484c-9569-73aa242a4c34" />
    <UnitTestResult executionId="46d44c3c-d57d-4a16-8042-bc1ade2226d9" testId="979217dc-2f65-e1bb-6062-144126bb473d" testName="Core.Tests.SettingsChangeClassifierTests.Classify_MatchesCatalogTable(field: DiagnosticsLogLevel, expected: Live)" computerName="MINHHOANGG" duration="00:00:00.0000039" startTime="2026-07-04T01:23:57.9299759+07:00" endTime="2026-07-04T01:23:57.9299760+07:00" testType="13cdc9d9-ddb5-4fa4-a97d-d965ccfc6d4b" outcome="Passed" testListId="8c84fa94-04c1-424b-9868-57a2d4851a1d" relativeResultsDirectory="46d44c3c-d57d-4a16-8042-bc1ade2226d9" />
    <UnitTestResult executionId="21d20816-ec92-4f91-9735-8233ea67675a" testId="9aa14378-fb54-8298-93e6-d6e209873dbc" testName="DisplayBridge.Core.Tests.InputModeClassifierTests.SingleFinger_InEdgeZone_ForcesTouchRoute(x: 32768, y: 65535)" computerName="MINHHOANGG" duration="00:00:00.0000632" startTime="2026-07-04T01:23:57.9307332+07:00" endTime="2026-07-04T01:23:57.9307333+07:00" testType="13cdc9d9-ddb5-4fa4-a97d-d965ccfc6d4b" outcome="Passed" testListId="8c84fa94-04c1-424b-9868-57a2d4851a1d" relativeResultsDirectory="21d20816-ec92-4f91-9735-8233ea67675a" />
    <UnitTestResult executionId="3fcbf548-97f8-40b0-af9d-64bda9a82c34" testId="2c4a2136-81f2-0361-8f30-d92214f260a2" testName="Core.Tests.SettingsChangeClassifierTests.Classify_MatchesCatalogTable(field: InputPenPressureGamma, expected: Live)" computerName="MINHHOANGG" duration="00:00:00.0000009" startTime="2026-07-04T01:23:57.9295564+07:00" endTime="2026-07-04T01:23:57.9295564+07:00" testType="13cdc9d9-ddb5-4fa4-a97d-d965ccfc6d4b" outcome="Passed" testListId="8c84fa94-04c1-424b-9868-57a2d4851a1d" relativeResultsDirectory="3fcbf548-97f8-40b0-af9d-64bda9a82c34" />
    <UnitTestResult executionId="cec5e5e6-ac10-4129-96f8-7e09d4d74392" testId="2cba9fe0-db56-c0bc-03fb-64c169242b24" testName="Core.Tests.SettingsStoreTests.Clamp_PenPressureGammaOutOfRange_IsClamped" computerName="MINHHOANGG" duration="00:00:00.0003161" startTime="2026-07-04T01:23:57.9754151+07:00" endTime="2026-07-04T01:23:57.9754153+07:00" testType="13cdc9d9-ddb5-4fa4-a97d-d965ccfc6d4b" outcome="Passed" testListId="8c84fa94-04c1-424b-9868-57a2d4851a1d" relativeResultsDirectory="cec5e5e6-ac10-4129-96f8-7e09d4d74392" />
    <UnitTestResult executionId="80a41ddf-f74a-406f-bc1c-bd10c108ca78" testId="25bec494-d6b8-9a4c-e149-20c1f3d76614" testName="Core.Tests.SettingsChangeClassifierTests.ClassifyBatch_AllLiveFields_ReturnsLive" computerName="MINHHOANGG" duration="00:00:00.0000519" startTime="2026-07-04T01:23:57.9306269+07:00" endTime="2026-07-04T01:23:57.9306269+07:00" testType="13cdc9d9-ddb5-4fa4-a97d-d965ccfc6d4b" outcome="Passed" testListId="8c84fa94-04c1-424b-9868-57a2d4851a1d" relativeResultsDirectory="80a41ddf-f74a-406f-bc1c-bd10c108ca78" />
    <UnitTestResult executionId="00db0e41-c54f-4119-9de0-5868ea14d5f7" testId="724f4b4f-f255-39d5-b009-ac2888b67876" testName="DisplayBridge.Core.Tests.InputModeClassifierTests.Reset_ClearsAllActivePointers" computerName="MINHHOANGG" duration="00:00:00.0003747" startTime="2026-07-04T01:23:57.9310260+07:00" endTime="2026-07-04T01:23:57.9310260+07:00" testType="13cdc9d9-ddb5-4fa4-a97d-d965ccfc6d4b" outcome="Passed" testListId="8c84fa94-04c1-424b-9868-57a2d4851a1d" relativeResultsDirectory="00db0e41-c54f-4119-9de0-5868ea14d5f7" />
    <UnitTestResult executionId="a52aae2a-1b5e-409d-bb3d-1abd2a90b04d" testId="974c8b86-3ecf-d7df-3b60-2ce86d275750" testName="DisplayBridge.Core.Tests.FramingAndVideoFrameTests.VideoFrameHeader_Roundtrips" computerName="MINHHOANGG" duration="00:00:00.0063790" startTime="2026-07-04T01:23:57.9294503+07:00" endTime="2026-07-04T01:23:57.9294503+07:00" testType="13cdc9d9-ddb5-4fa4-a97d-d965ccfc6d4b" outcome="Passed" testListId="8c84fa94-04c1-424b-9868-57a2d4851a1d" relativeResultsDirectory="a52aae2a-1b5e-409d-bb3d-1abd2a90b04d" />
    <UnitTestResult executionId="58fda13d-7562-417d-994e-bc6773a82d94" testId="6b2d2a11-617e-ad1f-d606-8ede47c17cf5" testName="DisplayBridge.Core.Tests.VirtualMonitorLocatorTests.ToScreenPixels_MaxNormalized_ReturnsNearRectBottomRight" computerName="MINHHOANGG" duration="00:00:00.0000803" startTime="2026-07-04T01:23:57.9310450+07:00" endTime="2026-07-04T01:23:57.9310450+07:00" testType="13cdc9d9-ddb5-4fa4-a97d-d965ccfc6d4b" outcome="Passed" testListId="8c84fa94-04c1-424b-9868-57a2d4851a1d" relativeResultsDirectory="58fda13d-7562-417d-994e-bc6773a82d94" />
    <UnitTestResult executionId="0104bb9a-df95-4d3f-bd53-c171372ab262" testId="944171e2-5fa1-e353-8165-b4f1312a817f" testName="DisplayBridge.Core.Tests.VideoStreamServerTests.WriteFrame_ThenReadFrame_RoundtripsHeaderAndPayload" computerName="MINHHOANGG" duration="00:00:00.0070135" startTime="2026-07-04T01:23:57.9302998+07:00" endTime="2026-07-04T01:23:57.9302998+07:00" testType="13cdc9d9-ddb5-4fa4-a97d-d965ccfc6d4b" outcome="Passed" testListId="8c84fa94-04c1-424b-9868-57a2d4851a1d" relativeResultsDirectory="0104bb9a-df95-4d3f-bd53-c171372ab262" />
    <UnitTestResult executionId="dd745263-6857-4b95-afd6-b962a5e3b3d6" testId="23c3ac1d-db0a-c5c5-303b-8cfb6edee36a" testName="DisplayBridge.Core.Tests.VirtualMonitorLocatorTests.GetVirtualDisplayRect_CachesResult_InvalidateForcesReEnumeration" computerName="MINHHOANGG" duration="00:00:00.0021336" startTime="2026-07-04T01:23:57.9317836+07:00" endTime="2026-07-04T01:23:57.9317836+07:00" testType="13cdc9d9-ddb5-4fa4-a97d-d965ccfc6d4b" outcome="Passed" testListId="8c84fa94-04c1-424b-9868-57a2d4851a1d" relativeResultsDirectory="dd745263-6857-4b95-afd6-b962a5e3b3d6" />
    <UnitTestResult executionId="1a5f3cfa-550a-474d-8577-f2abdc0d241a" testId="59639b12-e498-a69b-b9e4-aa873b95f6e4" testName="DisplayBridge.Core.Tests.VirtualMonitorLocatorTests.CursorInjector_MoveTo_UsesInjectedLocatorRect_NotPrimaryOnlySize" computerName="MINHHOANGG" duration="00:00:00.0011406" startTime="2026-07-04T01:23:57.9313854+07:00" endTime="2026-07-04T01:23:57.9313854+07:00" testType="13cdc9d9-ddb5-4fa4-a97d-d965ccfc6d4b" outcome="Passed" testListId="8c84fa94-04c1-424b-9868-57a2d4851a1d" relativeResultsDirectory="1a5f3cfa-550a-474d-8577-f2abdc0d241a" />
    <UnitTestResult executionId="903ce814-72d3-4caf-a9d2-915019a79f5f" testId="154f536e-3424-bae6-365c-3df1e3a2b55f" testName="DisplayBridge.Core.Tests.InputModeClassifierTests.MidGestureSwitch_OneFingerThenAddSecond_RequiresCursorRelease" computerName="MINHHOANGG" duration="00:00:00.0000691" startTime="2026-07-04T01:23:57.9313483+07:00" endTime="2026-07-04T01:23:57.9313484+07:00" testType="13cdc9d9-ddb5-4fa4-a97d-d965ccfc6d4b" outcome="Passed" testListId="8c84fa94-04c1-424b-9868-57a2d4851a1d" relativeResultsDirectory="903ce814-72d3-4caf-a9d2-915019a79f5f" />
    <UnitTestResult executionId="27524ea0-a00a-421c-8070-c648952e3c8d" testId="a15a0cfe-da24-d540-48a0-757e5f4def5d" testName="DisplayBridge.Core.Tests.InputModeClassifierTests.CustomEdgeZone_WidensForcedTouchRegion" computerName="MINHHOANGG" duration="00:00:00.0000671" startTime="2026-07-04T01:23:57.9283871+07:00" endTime="2026-07-04T01:23:57.9283871+07:00" testType="13cdc9d9-ddb5-4fa4-a97d-d965ccfc6d4b" outcome="Passed" testListId="8c84fa94-04c1-424b-9868-57a2d4851a1d" relativeResultsDirectory="27524ea0-a00a-421c-8070-c648952e3c8d" />
    <UnitTestResult executionId="7aac590b-f01f-46d4-a9c2-58a3518c7f94" testId="046b4495-74be-32c9-7a8e-f2f3146def7f" testName="DisplayBridge.Core.Tests.InputModeClassifierTests.SingleFinger_InEdgeZone_ForcesTouchRoute(x: 65535, y: 32768)" computerName="MINHHOANGG" duration="00:00:00.0001574" startTime="2026-07-04T01:23:57.9307507+07:00" endTime="2026-07-04T01:23:57.9307507+07:00" testType="13cdc9d9-ddb5-4fa4-a97d-d965ccfc6d4b" outcome="Passed" testListId="8c84fa94-04c1-424b-9868-57a2d4851a1d" relativeResultsDirectory="7aac590b-f01f-46d4-a9c2-58a3518c7f94" />
    <UnitTestResult executionId="3749faa3-1cc4-4970-9e42-64be2424df14" testId="b59ac27d-2c57-0b55-e352-f4db1934a7dc" testName="Core.Tests.SettingsStoreTests.Clamp_RefreshRate144_IsClampedTo120" computerName="MINHHOANGG" duration="00:00:00.0003985" startTime="2026-07-04T01:23:57.9750545+07:00" endTime="2026-07-04T01:23:57.9750547+07:00" testType="13cdc9d9-ddb5-4fa4-a97d-d965ccfc6d4b" outcome="Passed" testListId="8c84fa94-04c1-424b-9868-57a2d4851a1d" relativeResultsDirectory="3749faa3-1cc4-4970-9e42-64be2424df14" />
    <UnitTestResult executionId="70cdd25f-bd0b-4869-8a25-3407a80c3de2" testId="8cd5ca85-7ad7-5bf1-3e97-642193a35774" testName="DisplayBridge.Core.Tests.ProtocolRoundtripTests.SettingRequest_Roundtrips_LargeVarint" computerName="MINHHOANGG" duration="00:00:00.0001043" startTime="2026-07-04T01:23:57.9313265+07:00" endTime="2026-07-04T01:23:57.9313266+07:00" testType="13cdc9d9-ddb5-4fa4-a97d-d965ccfc6d4b" outcome="Passed" testListId="8c84fa94-04c1-424b-9868-57a2d4851a1d" relativeResultsDirectory="70cdd25f-bd0b-4869-8a25-3407a80c3de2" />
    <UnitTestResult executionId="0905ed2f-bac1-40b5-86a0-59ae3d237cd6" testId="515cd0b5-2c62-e13d-1f61-97ec7dab4c26" testName="DisplayBridge.Core.Tests.InputModeClassifierTests.SingleFinger_Move_StaysOnCursor" computerName="MINHHOANGG" duration="00:00:00.0000915" startTime="2026-07-04T01:23:57.9313063+07:00" endTime="2026-07-04T01:23:57.9313064+07:00" testType="13cdc9d9-ddb5-4fa4-a97d-d965ccfc6d4b" outcome="Passed" testListId="8c84fa94-04c1-424b-9868-57a2d4851a1d" relativeResultsDirectory="0905ed2f-bac1-40b5-86a0-59ae3d237cd6" />
    <UnitTestResult executionId="e077c987-a40d-48f4-b352-2864eae95fad" testId="5231a163-7321-c01b-436a-a7282f523a50" testName="Core.Tests.SettingsChangeClassifierTests.ClassifyBatch_MixOfLiveAndReMode_ReturnsReMode" computerName="MINHHOANGG" duration="00:00:00.0000533" startTime="2026-07-04T01:23:57.9306046+07:00" endTime="2026-07-04T01:23:57.9306047+07:00" testType="13cdc9d9-ddb5-4fa4-a97d-d965ccfc6d4b" outcome="Passed" testListId="8c84fa94-04c1-424b-9868-57a2d4851a1d" relativeResultsDirectory="e077c987-a40d-48f4-b352-2864eae95fad" />
    <UnitTestResult executionId="5b983d1d-6006-41d2-84bd-707fa35543fe" testId="98480874-b86a-8f9c-79a4-ab6f58d66d02" testName="Core.Tests.SettingsStoreTests.Save_RefreshRate144_PersistsAsClamped120" computerName="MINHHOANGG" duration="00:00:00.0015819" startTime="2026-07-04T01:23:57.9793647+07:00" endTime="2026-07-04T01:23:57.9793648+07:00" testType="13cdc9d9-ddb5-4fa4-a97d-d965ccfc6d4b" outcome="Passed" testListId="8c84fa94-04c1-424b-9868-57a2d4851a1d" relativeResultsDirectory="5b983d1d-6006-41d2-84bd-707fa35543fe" />
    <UnitTestResult executionId="c876b586-6ab4-49cd-9327-3106a2a01bc2" testId="1cf1d9ba-c43e-66c8-3413-ae92a858027c" testName="DisplayBridge.Core.Tests.InputModeClassifierTests.SingleFinger_InEdgeZone_ForcesTouchRoute(x: 0, y: 32768)" computerName="MINHHOANGG" duration="00:00:00.0000011" startTime="2026-07-04T01:23:57.9309682+07:00" endTime="2026-07-04T01:23:57.9309682+07:00" testType="13cdc9d9-ddb5-4fa4-a97d-d965ccfc6d4b" outcome="Passed" testListId="8c84fa94-04c1-424b-9868-57a2d4851a1d" relativeResultsDirectory="c876b586-6ab4-49cd-9327-3106a2a01bc2" />
    <UnitTestResult executionId="0cfa4aa3-2176-4472-964a-8b70514b2242" testId="aee4f4b2-1f7f-437e-11cf-cc0971292e1e" testName="Core.Tests.SettingsChangeClassifierTests.Classify_MatchesCatalogTable(field: StreamingFpsCap, expected: Live)" computerName="MINHHOANGG" duration="00:00:00.0000007" startTime="2026-07-04T01:23:57.9299006+07:00" endTime="2026-07-04T01:23:57.9299006+07:00" testType="13cdc9d9-ddb5-4fa4-a97d-d965ccfc6d4b" outcome="Passed" testListId="8c84fa94-04c1-424b-9868-57a2d4851a1d" relativeResultsDirectory="0cfa4aa3-2176-4472-964a-8b70514b2242" />
    <UnitTestResult executionId="4c8551a2-7f76-4d51-8462-5f6ab9ab6d4e" testId="989f7d84-a8e9-45d8-6936-c89fce0710f2" testName="Core.Tests.SettingsChangeClassifierTests.ClassifyBatch_NoFields_ReturnsLive" computerName="MINHHOANGG" duration="00:00:00.0005174" startTime="2026-07-04T01:23:57.9303323+07:00" endTime="2026-07-04T01:23:57.9303324+07:00" testType="13cdc9d9-ddb5-4fa4-a97d-d965ccfc6d4b" outcome="Passed" testListId="8c84fa94-04c1-424b-9868-57a2d4851a1d" relativeResultsDirectory="4c8551a2-7f76-4d51-8462-5f6ab9ab6d4e" />
  </Results>
  <TestDefinitions>
    <UnitTest name="Core.Tests.SettingsChangeClassifierTests.ClassifyBatch_MixOfLiveAndReMode_ReturnsReMode" storage="c:\users\minhhoangg\desktop\ai\ai_local\app_share\pc-host\tests\core.tests\bin\debug\net8.0\core.tests.dll" id="5231a163-7321-c01b-436a-a7282f523a50">
      <Execution id="e077c987-a40d-48f4-b352-2864eae95fad" />
      <TestMethod codeBase="C:\Users\MInhhoangg\Desktop\AI\AI_LOCAL\APP_share\pc-host\tests\Core.Tests\bin\Debug\net8.0\Core.Tests.dll" adapterTypeName="executor://xunit/VsTestRunner2/netcoreapp" className="Core.Tests.SettingsChangeClassifierTests" name="ClassifyBatch_MixOfLiveAndReMode_ReturnsReMode" />
    </UnitTest>
    <UnitTest name="DisplayBridge.Core.Tests.FramingAndVideoFrameTests.VideoFrameHeader_Roundtrips" storage="c:\users\minhhoangg\desktop\ai\ai_local\app_share\pc-host\tests\core.tests\bin\debug\net8.0\core.tests.dll" id="974c8b86-3ecf-d7df-3b60-2ce86d275750">
      <Execution id="a52aae2a-1b5e-409d-bb3d-1abd2a90b04d" />
      <TestMethod codeBase="C:\Users\MInhhoangg\Desktop\AI\AI_LOCAL\APP_share\pc-host\tests\Core.Tests\bin\Debug\net8.0\Core.Tests.dll" adapterTypeName="executor://xunit/VsTestRunner2/netcoreapp" className="DisplayBridge.Core.Tests.FramingAndVideoFrameTests" name="VideoFrameHeader_Roundtrips" />
    </UnitTest>
    <UnitTest name="DisplayBridge.Core.Tests.ProtocolRoundtripTests.SettingRequest_Roundtrips" storage="c:\users\minhhoangg\desktop\ai\ai_local\app_share\pc-host\tests\core.tests\bin\debug\net8.0\core.tests.dll" id="838672e3-25c2-1936-ba03-354827c59174">
      <Execution id="f0fcf294-60a5-4e87-8fcb-11b259364f10" />
      <TestMethod codeBase="C:\Users\MInhhoangg\Desktop\AI\AI_LOCAL\APP_share\pc-host\tests\Core.Tests\bin\Debug\net8.0\Core.Tests.dll" adapterTypeName="executor://xunit/VsTestRunner2/netcoreapp" className="DisplayBridge.Core.Tests.ProtocolRoundtripTests" name="SettingRequest_Roundtrips" />
    </UnitTest>
    <UnitTest name="DisplayBridge.Core.Tests.ProtocolRoundtripTests.TouchEvent_Roundtrips" storage="c:\users\minhhoangg\desktop\ai\ai_local\app_share\pc-host\tests\core.tests\bin\debug\net8.0\core.tests.dll" id="21978119-2712-349c-6f4e-29b5ec80c349">
      <Execution id="22114cbc-e740-4684-a4d6-3415869f8d04" />
      <TestMethod codeBase="C:\Users\MInhhoangg\Desktop\AI\AI_LOCAL\APP_share\pc-host\tests\Core.Tests\bin\Debug\net8.0\Core.Tests.dll" adapterTypeName="executor://xunit/VsTestRunner2/netcoreapp" className="DisplayBridge.Core.Tests.ProtocolRoundtripTests" name="TouchEvent_Roundtrips" />
    </UnitTest>
    <UnitTest name="DisplayBridge.Core.Tests.ProtocolRoundtripTests.Stats_Roundtrips" storage="c:\users\minhhoangg\desktop\ai\ai_local\app_share\pc-host\tests\core.tests\bin\debug\net8.0\core.tests.dll" id="62c95cf0-9971-bb8f-b507-59e3149bbd22">
      <Execution id="787aaab6-91e3-4831-bb2a-3941e759934f" />
      <TestMethod codeBase="C:\Users\MInhhoangg\Desktop\AI\AI_LOCAL\APP_share\pc-host\tests\Core.Tests\bin\Debug\net8.0\Core.Tests.dll" adapterTypeName="executor://xunit/VsTestRunner2/netcoreapp" className="DisplayBridge.Core.Tests.ProtocolRoundtripTests" name="Stats_Roundtrips" />
    </UnitTest>
    <UnitTest name="Core.Tests.SettingsChangeClassifierTests.Classify_MatchesCatalogTable(field: StreamingAdaptiveBitrate, expected: Live)" storage="c:\users\minhhoangg\desktop\ai\ai_local\app_share\pc-host\tests\core.tests\bin\debug\net8.0\core.tests.dll" id="324fe1eb-45a1-9ca6-7f78-96ce7784500a">
      <Execution id="f6ac9bba-cb35-4c40-9b73-ee91189ebd7c" />
      <TestMethod codeBase="C:\Users\MInhhoangg\Desktop\AI\AI_LOCAL\APP_share\pc-host\tests\Core.Tests\bin\Debug\net8.0\Core.Tests.dll" adapterTypeName="executor://xunit/VsTestRunner2/netcoreapp" className="Core.Tests.SettingsChangeClassifierTests" name="Classify_MatchesCatalogTable" />
    </UnitTest>
    <UnitTest name="DisplayBridge.Core.Tests.VirtualMonitorLocatorTests.GetVirtualDisplayRect_CachesResult_InvalidateForcesReEnumeration" storage="c:\users\minhhoangg\desktop\ai\ai_local\app_share\pc-host\tests\core.tests\bin\debug\net8.0\core.tests.dll" id="23c3ac1d-db0a-c5c5-303b-8cfb6edee36a">
      <Execution id="dd745263-6857-4b95-afd6-b962a5e3b3d6" />
      <TestMethod codeBase="C:\Users\MInhhoangg\Desktop\AI\AI_LOCAL\APP_share\pc-host\tests\Core.Tests\bin\Debug\net8.0\Core.Tests.dll" adapterTypeName="executor://xunit/VsTestRunner2/netcoreapp" className="DisplayBridge.Core.Tests.VirtualMonitorLocatorTests" name="GetVirtualDisplayRect_CachesResult_InvalidateForcesReEnumeration" />
    </UnitTest>
    <UnitTest name="Core.Tests.SettingsStoreTests.Load_FileMissingNewFields_MigratesWithDefaults" storage="c:\users\minhhoangg\desktop\ai\ai_local\app_share\pc-host\tests\core.tests\bin\debug\net8.0\core.tests.dll" id="03680a0e-ae33-a648-116e-82caf615db3f">
      <Execution id="fd06352e-0876-4295-87fd-b4a362ab13d5" />
      <TestMethod codeBase="C:\Users\MInhhoangg\Desktop\AI\AI_LOCAL\APP_share\pc-host\tests\Core.Tests\bin\Debug\net8.0\Core.Tests.dll" adapterTypeName="executor://xunit/VsTestRunner2/netcoreapp" className="Core.Tests.SettingsStoreTests" name="Load_FileMissingNewFields_MigratesWithDefaults" />
    </UnitTest>
    <UnitTest name="DisplayBridge.Core.Tests.VirtualMonitorLocatorTests.ToScreenPixels_DoesNotClampIntoPrimaryOnlySize_EvenWhenPrimaryIsLarger" storage="c:\users\minhhoangg\desktop\ai\ai_local\app_share\pc-host\tests\core.tests\bin\debug\net8.0\core.tests.dll" id="66ddf6e0-53ec-d84a-6e87-5c839f0f2984">
      <Execution id="a258e250-14ed-4670-ad87-d789af129dbe" />
      <TestMethod codeBase="C:\Users\MInhhoangg\Desktop\AI\AI_LOCAL\APP_share\pc-host\tests\Core.Tests\bin\Debug\net8.0\Core.Tests.dll" adapterTypeName="executor://xunit/VsTestRunner2/netcoreapp" className="DisplayBridge.Core.Tests.VirtualMonitorLocatorTests" name="ToScreenPixels_DoesNotClampIntoPrimaryOnlySize_EvenWhenPrimaryIsLarger" />
    </UnitTest>
    <UnitTest name="Core.Tests.SettingsChangeClassifierTests.ClassifyBatch_MixOfLiveAndReconnect_ReturnsReconnect" storage="c:\users\minhhoangg\desktop\ai\ai_local\app_share\pc-host\tests\core.tests\bin\debug\net8.0\core.tests.dll" id="6321b09a-9e61-1744-127a-5b9be732244e">
      <Execution id="bffb5d0d-fab6-4c6a-bae3-60d41b89dd17" />
      <TestMethod codeBase="C:\Users\MInhhoangg\Desktop\AI\AI_LOCAL\APP_share\pc-host\tests\Core.Tests\bin\Debug\net8.0\Core.Tests.dll" adapterTypeName="executor://xunit/VsTestRunner2/netcoreapp" className="Core.Tests.SettingsChangeClassifierTests" name="ClassifyBatch_MixOfLiveAndReconnect_ReturnsReconnect" />
    </UnitTest>
    <UnitTest name="Core.Tests.SettingsStoreTests.Clamp_RefreshRate144_IsClampedTo120" storage="c:\users\minhhoangg\desktop\ai\ai_local\app_share\pc-host\tests\core.tests\bin\debug\net8.0\core.tests.dll" id="b59ac27d-2c57-0b55-e352-f4db1934a7dc">
      <Execution id="3749faa3-1cc4-4970-9e42-64be2424df14" />
      <TestMethod codeBase="C:\Users\MInhhoangg\Desktop\AI\AI_LOCAL\APP_share\pc-host\tests\Core.Tests\bin\Debug\net8.0\Core.Tests.dll" adapterTypeName="executor://xunit/VsTestRunner2/netcoreapp" className="Core.Tests.SettingsStoreTests" name="Clamp_RefreshRate144_IsClampedTo120" />
    </UnitTest>
    <UnitTest name="DisplayBridge.Core.Tests.ProtocolRoundtripTests.TouchBatch_Roundtrips_EmptyList" storage="c:\users\minhhoangg\desktop\ai\ai_local\app_share\pc-host\tests\core.tests\bin\debug\net8.0\core.tests.dll" id="fea40cb1-1d1a-501f-759a-0d2065ed64a7">
      <Execution id="6d44d37a-b851-4fc2-b033-2448c6ec1f50" />
      <TestMethod codeBase="C:\Users\MInhhoangg\Desktop\AI\AI_LOCAL\APP_share\pc-host\tests\Core.Tests\bin\Debug\net8.0\Core.Tests.dll" adapterTypeName="executor://xunit/VsTestRunner2/netcoreapp" className="DisplayBridge.Core.Tests.ProtocolRoundtripTests" name="TouchBatch_Roundtrips_EmptyList" />
    </UnitTest>
    <UnitTest name="DisplayBridge.Core.Tests.VirtualMonitorLocatorTests.ToScreenPixels_MidpointNormalized_ReturnsRectCenter" storage="c:\users\minhhoangg\desktop\ai\ai_local\app_share\pc-host\tests\core.tests\bin\debug\net8.0\core.tests.dll" id="8764ecfc-24a4-f552-e595-e7a13c12c8bf">
      <Execution id="9fb7fa21-22f0-45a6-a0bb-7e7eaf6fae77" />
      <TestMethod codeBase="C:\Users\MInhhoangg\Desktop\AI\AI_LOCAL\APP_share\pc-host\tests\Core.Tests\bin\Debug\net8.0\Core.Tests.dll" adapterTypeName="executor://xunit/VsTestRunner2/netcoreapp" className="DisplayBridge.Core.Tests.VirtualMonitorLocatorTests" name="ToScreenPixels_MidpointNormalized_ReturnsRectCenter" />
    </UnitTest>
    <UnitTest name="DisplayBridge.Core.Tests.InputModeClassifierTests.Cancel_RemovesPointerFromActiveSet" storage="c:\users\minhhoangg\desktop\ai\ai_local\app_share\pc-host\tests\core.tests\bin\debug\net8.0\core.tests.dll" id="2f2fd36a-518c-45e1-307e-5997d168f7e2">
      <Execution id="80fc5a6d-c9ed-41f3-8630-d1c1f5774bd3" />
      <TestMethod codeBase="C:\Users\MInhhoangg\Desktop\AI\AI_LOCAL\APP_share\pc-host\tests\Core.Tests\bin\Debug\net8.0\Core.Tests.dll" adapterTypeName="executor://xunit/VsTestRunner2/netcoreapp" className="DisplayBridge.Core.Tests.InputModeClassifierTests" name="Cancel_RemovesPointerFromActiveSet" />
    </UnitTest>
    <UnitTest name="Core.Tests.SettingsChangeClassifierTests.Classify_MatchesCatalogTable(field: StreamingQualityPreset, expected: Live)" storage="c:\users\minhhoangg\desktop\ai\ai_local\app_share\pc-host\tests\core.tests\bin\debug\net8.0\core.tests.dll" id="6d54cc4e-dbbe-b976-f44c-841dbefa866b">
      <Execution id="a2a2a6e3-9c2b-4094-864b-5b4b4c4dc738" />
      <TestMethod codeBase="C:\Users\MInhhoangg\Desktop\AI\AI_LOCAL\APP_share\pc-host\tests\Core.Tests\bin\Debug\net8.0\Core.Tests.dll" adapterTypeName="executor://xunit/VsTestRunner2/netcoreapp" className="Core.Tests.SettingsChangeClassifierTests" name="Classify_MatchesCatalogTable" />
    </UnitTest>
    <UnitTest name="DisplayBridge.Core.Tests.InputModeClassifierTests.SingleFinger_InEdgeZone_ForcesTouchRoute(x: 0, y: 32768)" storage="c:\users\minhhoangg\desktop\ai\ai_local\app_share\pc-host\tests\core.tests\bin\debug\net8.0\core.tests.dll" id="1cf1d9ba-c43e-66c8-3413-ae92a858027c">
      <Execution id="c876b586-6ab4-49cd-9327-3106a2a01bc2" />
      <TestMethod codeBase="C:\Users\MInhhoangg\Desktop\AI\AI_LOCAL\APP_share\pc-host\tests\Core.Tests\bin\Debug\net8.0\Core.Tests.dll" adapterTypeName="executor://xunit/VsTestRunner2/netcoreapp" className="DisplayBridge.Core.Tests.InputModeClassifierTests" name="SingleFinger_InEdgeZone_ForcesTouchRoute" />
    </UnitTest>
    <UnitTest name="Core.Tests.SettingsChangeClassifierTests.Classify_MatchesCatalogTable(field: InputPenPressureGamma, expected: Live)" storage="c:\users\minhhoangg\desktop\ai\ai_local\app_share\pc-host\tests\core.tests\bin\debug\net8.0\core.tests.dll" id="2c4a2136-81f2-0361-8f30-d92214f260a2">
      <Execution id="3fcbf548-97f8-40b0-af9d-64bda9a82c34" />
      <TestMethod codeBase="C:\Users\MInhhoangg\Desktop\AI\AI_LOCAL\APP_share\pc-host\tests\Core.Tests\bin\Debug\net8.0\Core.Tests.dll" adapterTypeName="executor://xunit/VsTestRunner2/netcoreapp" className="Core.Tests.SettingsChangeClassifierTests" name="Classify_MatchesCatalogTable" />
    </UnitTest>
    <UnitTest name="Core.Tests.SettingsChangeClassifierTests.Classify_MatchesCatalogTable(field: DiagnosticsLatencyHud, expected: Live)" storage="c:\users\minhhoangg\desktop\ai\ai_local\app_share\pc-host\tests\core.tests\bin\debug\net8.0\core.tests.dll" id="5bf1fe1d-2f0e-8e41-97d5-ee53764bd883">
      <Execution id="a85f2a75-b6b5-4d73-a1d9-c1a315ff8fd7" />
      <TestMethod codeBase="C:\Users\MInhhoangg\Desktop\AI\AI_LOCAL\APP_share\pc-host\tests\Core.Tests\bin\Debug\net8.0\Core.Tests.dll" adapterTypeName="executor://xunit/VsTestRunner2/netcoreapp" className="Core.Tests.SettingsChangeClassifierTests" name="Classify_MatchesCatalogTable" />
    </UnitTest>
    <UnitTest name="Core.Tests.SettingsChangeClassifierTests.Classify_MatchesCatalogTable(field: DisplayRefreshRateHz, expected: ReMode)" storage="c:\users\minhhoangg\desktop\ai\ai_local\app_share\pc-host\tests\core.tests\bin\debug\net8.0\core.tests.dll" id="a261d2bd-5296-dc1b-3504-feea110e01f9">
      <Execution id="6419adee-00e7-4e4d-9622-51f4fd59cd87" />
      <TestMethod codeBase="C:\Users\MInhhoangg\Desktop\AI\AI_LOCAL\APP_share\pc-host\tests\Core.Tests\bin\Debug\net8.0\Core.Tests.dll" adapterTypeName="executor://xunit/VsTestRunner2/netcoreapp" className="Core.Tests.SettingsChangeClassifierTests" name="Classify_MatchesCatalogTable" />
    </UnitTest>
    <UnitTest name="DisplayBridge.Core.Tests.VirtualMonitorLocatorTests.CursorInjector_MoveTo_UsesInjectedLocatorRect_NotPrimaryOnlySize" storage="c:\users\minhhoangg\desktop\ai\ai_local\app_share\pc-host\tests\core.tests\bin\debug\net8.0\core.tests.dll" id="59639b12-e498-a69b-b9e4-aa873b95f6e4">
      <Execution id="1a5f3cfa-550a-474d-8577-f2abdc0d241a" />
      <TestMethod codeBase="C:\Users\MInhhoangg\Desktop\AI\AI_LOCAL\APP_share\pc-host\tests\Core.Tests\bin\Debug\net8.0\Core.Tests.dll" adapterTypeName="executor://xunit/VsTestRunner2/netcoreapp" className="DisplayBridge.Core.Tests.VirtualMonitorLocatorTests" name="CursorInjector_MoveTo_UsesInjectedLocatorRect_NotPrimaryOnlySize" />
    </UnitTest>
    <UnitTest name="DisplayBridge.Core.Tests.FramingAndVideoFrameTests.WriteFramed_ThenReadFramed_RoundtripsModeAck" storage="c:\users\minhhoangg\desktop\ai\ai_local\app_share\pc-host\tests\core.tests\bin\debug\net8.0\core.tests.dll" id="186d6ed7-fa2c-3ea3-916d-47be6be1ed22">
      <Execution id="fbc55480-da53-4b95-9baa-3e91c745a2ce" />
      <TestMethod codeBase="C:\Users\MInhhoangg\Desktop\AI\AI_LOCAL\APP_share\pc-host\tests\Core.Tests\bin\Debug\net8.0\Core.Tests.dll" adapterTypeName="executor://xunit/VsTestRunner2/netcoreapp" className="DisplayBridge.Core.Tests.FramingAndVideoFrameTests" name="WriteFramed_ThenReadFramed_RoundtripsModeAck" />
    </UnitTest>
    <UnitTest name="DisplayBridge.Core.Tests.VirtualMonitorLocatorTests.ToScreenPixels_ZeroNormalized_ReturnsRectTopLeft" storage="c:\users\minhhoangg\desktop\ai\ai_local\app_share\pc-host\tests\core.tests\bin\debug\net8.0\core.tests.dll" id="08909fa9-db17-3fdb-aa39-ad2d1dafa6a6">
      <Execution id="5954e86b-ac91-4d3e-87aa-78c58bb40301" />
      <TestMethod codeBase="C:\Users\MInhhoangg\Desktop\AI\AI_LOCAL\APP_share\pc-host\tests\Core.Tests\bin\Debug\net8.0\Core.Tests.dll" adapterTypeName="executor://xunit/VsTestRunner2/netcoreapp" className="DisplayBridge.Core.Tests.VirtualMonitorLocatorTests" name="ToScreenPixels_ZeroNormalized_ReturnsRectTopLeft" />
    </UnitTest>
    <UnitTest name="DisplayBridge.Core.Tests.FakeInjectorTests.Dispatcher_RoutesMultiTouchSample_ToTouchInjectorOnly" storage="c:\users\minhhoangg\desktop\ai\ai_local\app_share\pc-host\tests\core.tests\bin\debug\net8.0\core.tests.dll" id="dc325a19-cefe-e6ce-d104-232785b2496e">
      <Execution id="e565cc32-a558-484c-9569-73aa242a4c34" />
      <TestMethod codeBase="C:\Users\MInhhoangg\Desktop\AI\AI_LOCAL\APP_share\pc-host\tests\Core.Tests\bin\Debug\net8.0\Core.Tests.dll" adapterTypeName="executor://xunit/VsTestRunner2/netcoreapp" className="DisplayBridge.Core.Tests.FakeInjectorTests" name="Dispatcher_RoutesMultiTouchSample_ToTouchInjectorOnly" />
    </UnitTest>
    <UnitTest name="DisplayBridge.Core.Tests.VirtualMonitorLocatorTests.GetVirtualDisplayRect_RunsAgainstRealDesktop_ReturnsNonDegenerateRect" storage="c:\users\minhhoangg\desktop\ai\ai_local\app_share\pc-host\tests\core.tests\bin\debug\net8.0\core.tests.dll" id="25999754-bf3e-97e7-0f5c-367f8e5b5764">
      <Execution id="4432f068-f554-439c-bebb-e027e778daf0" />
      <TestMethod codeBase="C:\Users\MInhhoangg\Desktop\AI\AI_LOCAL\APP_share\pc-host\tests\Core.Tests\bin\Debug\net8.0\Core.Tests.dll" adapterTypeName="executor://xunit/VsTestRunner2/netcoreapp" className="DisplayBridge.Core.Tests.VirtualMonitorLocatorTests" name="GetVirtualDisplayRect_RunsAgainstRealDesktop_ReturnsNonDegenerateRect" />
    </UnitTest>
    <UnitTest name="DisplayBridge.Core.Tests.InputModeClassifierTests.MidGestureSwitch_OneFingerThenAddSecond_RequiresCursorRelease" storage="c:\users\minhhoangg\desktop\ai\ai_local\app_share\pc-host\tests\core.tests\bin\debug\net8.0\core.tests.dll" id="154f536e-3424-bae6-365c-3df1e3a2b55f">
      <Execution id="903ce814-72d3-4caf-a9d2-915019a79f5f" />
      <TestMethod codeBase="C:\Users\MInhhoangg\Desktop\AI\AI_LOCAL\APP_share\pc-host\tests\Core.Tests\bin\Debug\net8.0\Core.Tests.dll" adapterTypeName="executor://xunit/VsTestRunner2/netcoreapp" className="DisplayBridge.Core.Tests.InputModeClassifierTests" name="MidGestureSwitch_OneFingerThenAddSecond_RequiresCursorRelease" />
    </UnitTest>
    <UnitTest name="DisplayBridge.Core.Tests.InputModeClassifierTests.Reset_ClearsAllActivePointers" storage="c:\users\minhhoangg\desktop\ai\ai_local\app_share\pc-host\tests\core.tests\bin\debug\net8.0\core.tests.dll" id="724f4b4f-f255-39d5-b009-ac2888b67876">
      <Execution id="00db0e41-c54f-4119-9de0-5868ea14d5f7" />
      <TestMethod codeBase="C:\Users\MInhhoangg\Desktop\AI\AI_LOCAL\APP_share\pc-host\tests\Core.Tests\bin\Debug\net8.0\Core.Tests.dll" adapterTypeName="executor://xunit/VsTestRunner2/netcoreapp" className="DisplayBridge.Core.Tests.InputModeClassifierTests" name="Reset_ClearsAllActivePointers" />
    </UnitTest>
    <UnitTest name="Core.Tests.SettingsChangeClassifierTests.Classify_MatchesCatalogTable(field: InputTouchEnabled, expected: Live)" storage="c:\users\minhhoangg\desktop\ai\ai_local\app_share\pc-host\tests\core.tests\bin\debug\net8.0\core.tests.dll" id="27ed0ff6-6d77-e925-5937-697d647f9a91">
      <Execution id="51fecc90-24b0-4f97-8c26-356768ac3e9d" />
      <TestMethod codeBase="C:\Users\MInhhoangg\Desktop\AI\AI_LOCAL\APP_share\pc-host\tests\Core.Tests\bin\Debug\net8.0\Core.Tests.dll" adapterTypeName="executor://xunit/VsTestRunner2/netcoreapp" className="Core.Tests.SettingsChangeClassifierTests" name="Classify_MatchesCatalogTable" />
    </UnitTest>
    <UnitTest name="Core.Tests.SettingsChangeClassifierTests.ClassifyBatch_AllLiveFields_ReturnsLive" storage="c:\users\minhhoangg\desktop\ai\ai_local\app_share\pc-host\tests\core.tests\bin\debug\net8.0\core.tests.dll" id="25bec494-d6b8-9a4c-e149-20c1f3d76614">
      <Execution id="80a41ddf-f74a-406f-bc1c-bd10c108ca78" />
      <TestMethod codeBase="C:\Users\MInhhoangg\Desktop\AI\AI_LOCAL\APP_share\pc-host\tests\Core.Tests\bin\Debug\net8.0\Core.Tests.dll" adapterTypeName="executor://xunit/VsTestRunner2/netcoreapp" className="Core.Tests.SettingsChangeClassifierTests" name="ClassifyBatch_AllLiveFields_ReturnsLive" />
    </UnitTest>
    <UnitTest name="Core.Tests.SettingsChangeClassifierTests.Classify_MatchesCatalogTable(field: StreamingLatencyPriority, expected: Live)" storage="c:\users\minhhoangg\desktop\ai\ai_local\app_share\pc-host\tests\core.tests\bin\debug\net8.0\core.tests.dll" id="0b6fcc64-6764-33ba-0158-595a98bbf7cc">
      <Execution id="50dc029b-9340-467b-9bc2-e97ccfe897e6" />
      <TestMethod codeBase="C:\Users\MInhhoangg\Desktop\AI\AI_LOCAL\APP_share\pc-host\tests\Core.Tests\bin\Debug\net8.0\Core.Tests.dll" adapterTypeName="executor://xunit/VsTestRunner2/netcoreapp" className="Core.Tests.SettingsChangeClassifierTests" name="Classify_MatchesCatalogTable" />
    </UnitTest>
    <UnitTest name="Core.Tests.SettingsChangeClassifierTests.ClassifyBatch_ReModeTakesPriorityOverReconnect" storage="c:\users\minhhoangg\desktop\ai\ai_local\app_share\pc-host\tests\core.tests\bin\debug\net8.0\core.tests.dll" id="d58a746e-7fc1-f27e-d5ed-c71e1ec0348c">
      <Execution id="347f3d8b-52c1-40c2-a7a4-f2b0903f997a" />
      <TestMethod codeBase="C:\Users\MInhhoangg\Desktop\AI\AI_LOCAL\APP_share\pc-host\tests\Core.Tests\bin\Debug\net8.0\Core.Tests.dll" adapterTypeName="executor://xunit/VsTestRunner2/netcoreapp" className="Core.Tests.SettingsChangeClassifierTests" name="ClassifyBatch_ReModeTakesPriorityOverReconnect" />
    </UnitTest>
    <UnitTest name="DisplayBridge.Core.Tests.ProtocolRoundtripTests.ConfigUpdate_Roundtrips_EmptyList" storage="c:\users\minhhoangg\desktop\ai\ai_local\app_share\pc-host\tests\core.tests\bin\debug\net8.0\core.tests.dll" id="a6061d0e-8278-082a-c0c2-dfa0aeed1d95">
      <Execution id="3a9da8e1-30bd-4de9-a496-497917563832" />
      <TestMethod codeBase="C:\Users\MInhhoangg\Desktop\AI\AI_LOCAL\APP_share\pc-host\tests\Core.Tests\bin\Debug\net8.0\Core.Tests.dll" adapterTypeName="executor://xunit/VsTestRunner2/netcoreapp" className="DisplayBridge.Core.Tests.ProtocolRoundtripTests" name="ConfigUpdate_Roundtrips_EmptyList" />
    </UnitTest>
    <UnitTest name="DisplayBridge.Core.Tests.ProtocolRoundtripTests.ModeAck_Roundtrips" storage="c:\users\minhhoangg\desktop\ai\ai_local\app_share\pc-host\tests\core.tests\bin\debug\net8.0\core.tests.dll" id="6cbcb859-9c25-e83c-a670-fa48b737aef5">
      <Execution id="9b615200-eef5-4cca-b48e-bdb8cc5dd878" />
      <TestMethod codeBase="C:\Users\MInhhoangg\Desktop\AI\AI_LOCAL\APP_share\pc-host\tests\Core.Tests\bin\Debug\net8.0\Core.Tests.dll" adapterTypeName="executor://xunit/VsTestRunner2/netcoreapp" className="DisplayBridge.Core.Tests.ProtocolRoundtripTests" name="ModeAck_Roundtrips" />
    </UnitTest>
    <UnitTest name="DisplayBridge.Core.Tests.ProtocolRoundtripTests.ModeChange_Roundtrips" storage="c:\users\minhhoangg\desktop\ai\ai_local\app_share\pc-host\tests\core.tests\bin\debug\net8.0\core.tests.dll" id="f9fa65c8-bc2b-4639-143d-38c3b8e06140">
      <Execution id="45d40542-aa66-4ba1-8bce-a624b7af974d" />
      <TestMethod codeBase="C:\Users\MInhhoangg\Desktop\AI\AI_LOCAL\APP_share\pc-host\tests\Core.Tests\bin\Debug\net8.0\Core.Tests.dll" adapterTypeName="executor://xunit/VsTestRunner2/netcoreapp" className="DisplayBridge.Core.Tests.ProtocolRoundtripTests" name="ModeChange_Roundtrips" />
    </UnitTest>
    <UnitTest name="DisplayBridge.Core.Tests.ProtocolRoundtripTests.SettingRequest_Roundtrips_LargeVarint" storage="c:\users\minhhoangg\desktop\ai\ai_local\app_share\pc-host\tests\core.tests\bin\debug\net8.0\core.tests.dll" id="8cd5ca85-7ad7-5bf1-3e97-642193a35774">
      <Execution id="70cdd25f-bd0b-4869-8a25-3407a80c3de2" />
      <TestMethod codeBase="C:\Users\MInhhoangg\Desktop\AI\AI_LOCAL\APP_share\pc-host\tests\Core.Tests\bin\Debug\net8.0\Core.Tests.dll" adapterTypeName="executor://xunit/VsTestRunner2/netcoreapp" className="DisplayBridge.Core.Tests.ProtocolRoundtripTests" name="SettingRequest_Roundtrips_LargeVarint" />
    </UnitTest>
    <UnitTest name="DisplayBridge.Core.Tests.ProtocolRoundtripTests.ConfigUpdate_Roundtrips" storage="c:\users\minhhoangg\desktop\ai\ai_local\app_share\pc-host\tests\core.tests\bin\debug\net8.0\core.tests.dll" id="023d7b21-8d76-79fa-5f6c-b4e0d4387cc9">
      <Execution id="7d115dee-fd49-4a2a-b306-d833ed610b6d" />
      <TestMethod codeBase="C:\Users\MInhhoangg\Desktop\AI\AI_LOCAL\APP_share\pc-host\tests\Core.Tests\bin\Debug\net8.0\Core.Tests.dll" adapterTypeName="executor://xunit/VsTestRunner2/netcoreapp" className="DisplayBridge.Core.Tests.ProtocolRoundtripTests" name="ConfigUpdate_Roundtrips" />
    </UnitTest>
    <UnitTest name="Core.Tests.SettingsStoreTests.Save_RefreshRate144_PersistsAsClamped120" storage="c:\users\minhhoangg\desktop\ai\ai_local\app_share\pc-host\tests\core.tests\bin\debug\net8.0\core.tests.dll" id="98480874-b86a-8f9c-79a4-ab6f58d66d02">
      <Execution id="5b983d1d-6006-41d2-84bd-707fa35543fe" />
      <TestMethod codeBase="C:\Users\MInhhoangg\Desktop\AI\AI_LOCAL\APP_share\pc-host\tests\Core.Tests\bin\Debug\net8.0\Core.Tests.dll" adapterTypeName="executor://xunit/VsTestRunner2/netcoreapp" className="Core.Tests.SettingsStoreTests" name="Save_RefreshRate144_PersistsAsClamped120" />
    </UnitTest>
    <UnitTest name="DisplayBridge.Core.Tests.InputModeClassifierTests.SecondFinger_Up_ReturnsToCursorRoute" storage="c:\users\minhhoangg\desktop\ai\ai_local\app_share\pc-host\tests\core.tests\bin\debug\net8.0\core.tests.dll" id="6a625dba-37da-7e46-0a7f-82b47ea4784b">
      <Execution id="5a7e90ed-d063-4cc0-9766-5831d4d4cdd0" />
      <TestMethod codeBase="C:\Users\MInhhoangg\Desktop\AI\AI_LOCAL\APP_share\pc-host\tests\Core.Tests\bin\Debug\net8.0\Core.Tests.dll" adapterTypeName="executor://xunit/VsTestRunner2/netcoreapp" className="DisplayBridge.Core.Tests.InputModeClassifierTests" name="SecondFinger_Up_ReturnsToCursorRoute" />
    </UnitTest>
    <UnitTest name="Core.Tests.SettingsChangeClassifierTests.Classify_MatchesCatalogTable(field: InputMode, expected: Live)" storage="c:\users\minhhoangg\desktop\ai\ai_local\app_share\pc-host\tests\core.tests\bin\debug\net8.0\core.tests.dll" id="067f8747-807e-9923-c914-2f8806872dd8">
      <Execution id="58108a31-87d6-4edb-b846-8cf5890d4f23" />
      <TestMethod codeBase="C:\Users\MInhhoangg\Desktop\AI\AI_LOCAL\APP_share\pc-host\tests\Core.Tests\bin\Debug\net8.0\Core.Tests.dll" adapterTypeName="executor://xunit/VsTestRunner2/netcoreapp" className="Core.Tests.SettingsChangeClassifierTests" name="Classify_MatchesCatalogTable" />
    </UnitTest>
    <UnitTest name="Core.Tests.SettingsStoreTests.Load_WhenFileMissing_ReturnsDefaults" storage="c:\users\minhhoangg\desktop\ai\ai_local\app_share\pc-host\tests\core.tests\bin\debug\net8.0\core.tests.dll" id="c96ac0d7-e7c4-2a5f-37a1-ebc6be2bf480">
      <Execution id="568915cc-3a8f-425c-a2aa-dbe9fc78fdcf" />
      <TestMethod codeBase="C:\Users\MInhhoangg\Desktop\AI\AI_LOCAL\APP_share\pc-host\tests\Core.Tests\bin\Debug\net8.0\Core.Tests.dll" adapterTypeName="executor://xunit/VsTestRunner2/netcoreapp" className="Core.Tests.SettingsStoreTests" name="Load_WhenFileMissing_ReturnsDefaults" />
    </UnitTest>
    <UnitTest name="Core.Tests.SettingsChangeClassifierTests.Classify_MatchesCatalogTable(field: DiagnosticsLogLevel, expected: Live)" storage="c:\users\minhhoangg\desktop\ai\ai_local\app_share\pc-host\tests\core.tests\bin\debug\net8.0\core.tests.dll" id="979217dc-2f65-e1bb-6062-144126bb473d">
      <Execution id="46d44c3c-d57d-4a16-8042-bc1ade2226d9" />
      <TestMethod codeBase="C:\Users\MInhhoangg\Desktop\AI\AI_LOCAL\APP_share\pc-host\tests\Core.Tests\bin\Debug\net8.0\Core.Tests.dll" adapterTypeName="executor://xunit/VsTestRunner2/netcoreapp" className="Core.Tests.SettingsChangeClassifierTests" name="Classify_MatchesCatalogTable" />
    </UnitTest>
    <UnitTest name="DisplayBridge.Core.Tests.InputModeClassifierTests.SingleFinger_CenterOfScreen_NotInEdgeZone" storage="c:\users\minhhoangg\desktop\ai\ai_local\app_share\pc-host\tests\core.tests\bin\debug\net8.0\core.tests.dll" id="3ddf3e42-fd9c-f730-0a3e-2738a1dfdd77">
      <Execution id="760a1fca-66c7-45de-802d-dcc6d359ad92" />
      <TestMethod codeBase="C:\Users\MInhhoangg\Desktop\AI\AI_LOCAL\APP_share\pc-host\tests\Core.Tests\bin\Debug\net8.0\Core.Tests.dll" adapterTypeName="executor://xunit/VsTestRunner2/netcoreapp" className="DisplayBridge.Core.Tests.InputModeClassifierTests" name="SingleFinger_CenterOfScreen_NotInEdgeZone" />
    </UnitTest>
    <UnitTest name="DisplayBridge.Core.Tests.InputModeClassifierTests.SingleFinger_InEdgeZone_ForcesTouchRoute(x: 65535, y: 32768)" storage="c:\users\minhhoangg\desktop\ai\ai_local\app_share\pc-host\tests\core.tests\bin\debug\net8.0\core.tests.dll" id="046b4495-74be-32c9-7a8e-f2f3146def7f">
      <Execution id="7aac590b-f01f-46d4-a9c2-58a3518c7f94" />
      <TestMethod codeBase="C:\Users\MInhhoangg\Desktop\AI\AI_LOCAL\APP_share\pc-host\tests\Core.Tests\bin\Debug\net8.0\Core.Tests.dll" adapterTypeName="executor://xunit/VsTestRunner2/netcoreapp" className="DisplayBridge.Core.Tests.InputModeClassifierTests" name="SingleFinger_InEdgeZone_ForcesTouchRoute" />
    </UnitTest>
    <UnitTest name="Core.Tests.SettingsChangeClassifierTests.Classify_MatchesCatalogTable(field: StreamingFpsCap, expected: Live)" storage="c:\users\minhhoangg\desktop\ai\ai_local\app_share\pc-host\tests\core.tests\bin\debug\net8.0\core.tests.dll" id="aee4f4b2-1f7f-437e-11cf-cc0971292e1e">
      <Execution id="0cfa4aa3-2176-4472-964a-8b70514b2242" />
      <TestMethod codeBase="C:\Users\MInhhoangg\Desktop\AI\AI_LOCAL\APP_share\pc-host\tests\Core.Tests\bin\Debug\net8.0\Core.Tests.dll" adapterTypeName="executor://xunit/VsTestRunner2/netcoreapp" className="Core.Tests.SettingsChangeClassifierTests" name="Classify_MatchesCatalogTable" />
    </UnitTest>
    <UnitTest name="Core.Tests.SettingsChangeClassifierTests.Classify_MatchesCatalogTable(field: ConnectionAutoConnect, expected: WindowsApi)" storage="c:\users\minhhoangg\desktop\ai\ai_local\app_share\pc-host\tests\core.tests\bin\debug\net8.0\core.tests.dll" id="0011b5a9-3241-d0c4-a9f7-be1b1975b95b">
      <Execution id="9e7b621c-abbc-422d-9986-87d9a9e250b9" />
      <TestMethod codeBase="C:\Users\MInhhoangg\Desktop\AI\AI_LOCAL\APP_share\pc-host\tests\Core.Tests\bin\Debug\net8.0\Core.Tests.dll" adapterTypeName="executor://xunit/VsTestRunner2/netcoreapp" className="Core.Tests.SettingsChangeClassifierTests" name="Classify_MatchesCatalogTable" />
    </UnitTest>
    <UnitTest name="Core.Tests.SettingsStoreTests.SaveThenLoad_RoundtripsAllFields" storage="c:\users\minhhoangg\desktop\ai\ai_local\app_share\pc-host\tests\core.tests\bin\debug\net8.0\core.tests.dll" id="39653fa4-6b9f-c5c4-7c4c-bdc0fda66876">
      <Execution id="baff0a9e-bd8f-41e4-a51b-b2faba71da9a" />
      <TestMethod codeBase="C:\Users\MInhhoangg\Desktop\AI\AI_LOCAL\APP_share\pc-host\tests\Core.Tests\bin\Debug\net8.0\Core.Tests.dll" adapterTypeName="executor://xunit/VsTestRunner2/netcoreapp" className="Core.Tests.SettingsStoreTests" name="SaveThenLoad_RoundtripsAllFields" />
    </UnitTest>
    <UnitTest name="Core.Tests.SettingsChangeClassifierTests.ClassifyBatch_NoFields_ReturnsLive" storage="c:\users\minhhoangg\desktop\ai\ai_local\app_share\pc-host\tests\core.tests\bin\debug\net8.0\core.tests.dll" id="989f7d84-a8e9-45d8-6936-c89fce0710f2">
      <Execution id="4c8551a2-7f76-4d51-8462-5f6ab9ab6d4e" />
      <TestMethod codeBase="C:\Users\MInhhoangg\Desktop\AI\AI_LOCAL\APP_share\pc-host\tests\Core.Tests\bin\Debug\net8.0\Core.Tests.dll" adapterTypeName="executor://xunit/VsTestRunner2/netcoreapp" className="Core.Tests.SettingsChangeClassifierTests" name="ClassifyBatch_NoFields_ReturnsLive" />
    </UnitTest>
    <UnitTest name="Core.Tests.SettingsStoreTests.Validate_NoLongerThrows_ResolutionIsAlwaysFromCaps" storage="c:\users\minhhoangg\desktop\ai\ai_local\app_share\pc-host\tests\core.tests\bin\debug\net8.0\core.tests.dll" id="57a92152-99a4-36fe-2f7d-57b727cbe8a3">
      <Execution id="77b158b5-d0e3-4b4b-acbd-863edff31855" />
      <TestMethod codeBase="C:\Users\MInhhoangg\Desktop\AI\AI_LOCAL\APP_share\pc-host\tests\Core.Tests\bin\Debug\net8.0\Core.Tests.dll" adapterTypeName="executor://xunit/VsTestRunner2/netcoreapp" className="Core.Tests.SettingsStoreTests" name="Validate_NoLongerThrows_ResolutionIsAlwaysFromCaps" />
    </UnitTest>
    <UnitTest name="DisplayBridge.Core.Tests.InputModeClassifierTests.SingleFinger_AwayFromEdge_RoutesToCursor" storage="c:\users\minhhoangg\desktop\ai\ai_local\app_share\pc-host\tests\core.tests\bin\debug\net8.0\core.tests.dll" id="7be56a48-328d-3ee0-7e13-b30a95107f56">
      <Execution id="aff686e1-1b67-44ce-b09b-9e2356f874ea" />
      <TestMethod codeBase="C:\Users\MInhhoangg\Desktop\AI\AI_LOCAL\APP_share\pc-host\tests\Core.Tests\bin\Debug\net8.0\Core.Tests.dll" adapterTypeName="executor://xunit/VsTestRunner2/netcoreapp" className="DisplayBridge.Core.Tests.InputModeClassifierTests" name="SingleFinger_AwayFromEdge_RoutesToCursor" />
    </UnitTest>
    <UnitTest name="Core.Tests.SettingsChangeClassifierTests.Classify_MatchesCatalogTable(field: ConnectionTransport, expected: Reconnect)" storage="c:\users\minhhoangg\desktop\ai\ai_local\app_share\pc-host\tests\core.tests\bin\debug\net8.0\core.tests.dll" id="424afcd0-9ddf-b9c0-1915-38d0828c1ac5">
      <Execution id="37cf715f-0eaf-42df-8b32-78a6c2e11091" />
      <TestMethod codeBase="C:\Users\MInhhoangg\Desktop\AI\AI_LOCAL\APP_share\pc-host\tests\Core.Tests\bin\Debug\net8.0\Core.Tests.dll" adapterTypeName="executor://xunit/VsTestRunner2/netcoreapp" className="Core.Tests.SettingsChangeClassifierTests" name="Classify_MatchesCatalogTable" />
    </UnitTest>
    <UnitTest name="DisplayBridge.Core.Tests.VideoStreamServerTests.Server_SendsQueuedFrame_ToConnectedClient_WithCorrectFraming" storage="c:\users\minhhoangg\desktop\ai\ai_local\app_share\pc-host\tests\core.tests\bin\debug\net8.0\core.tests.dll" id="869528b9-97b2-bd24-a3c5-d344b8d489ba">
      <Execution id="0ccdfafe-145c-4319-8c79-7319f84dc0b0" />
      <TestMethod codeBase="C:\Users\MInhhoangg\Desktop\AI\AI_LOCAL\APP_share\pc-host\tests\Core.Tests\bin\Debug\net8.0\Core.Tests.dll" adapterTypeName="executor://xunit/VsTestRunner2/netcoreapp" className="DisplayBridge.Core.Tests.VideoStreamServerTests" name="Server_SendsQueuedFrame_ToConnectedClient_WithCorrectFraming" />
    </UnitTest>
    <UnitTest name="DisplayBridge.Core.Tests.FakeInjectorTests.Dispatcher_RoutesCursorSample_ToCursorInjectorOnly" storage="c:\users\minhhoangg\desktop\ai\ai_local\app_share\pc-host\tests\core.tests\bin\debug\net8.0\core.tests.dll" id="e2dd1344-1eb8-55dc-1528-c95e3100fc43">
      <Execution id="42df58f4-97c4-4d0e-bc59-2f0fd6e84d54" />
      <TestMethod codeBase="C:\Users\MInhhoangg\Desktop\AI\AI_LOCAL\APP_share\pc-host\tests\Core.Tests\bin\Debug\net8.0\Core.Tests.dll" adapterTypeName="executor://xunit/VsTestRunner2/netcoreapp" className="DisplayBridge.Core.Tests.FakeInjectorTests" name="Dispatcher_RoutesCursorSample_ToCursorInjectorOnly" />
    </UnitTest>
    <UnitTest name="DisplayBridge.Core.Tests.ProtocolRoundtripTests.TouchBatch_Roundtrips" storage="c:\users\minhhoangg\desktop\ai\ai_local\app_share\pc-host\tests\core.tests\bin\debug\net8.0\core.tests.dll" id="03f0159e-9441-4e1b-a64f-b5b4bc789fd4">
      <Execution id="1b0a3c87-e9f7-4ef5-9f90-507f653a0acb" />
      <TestMethod codeBase="C:\Users\MInhhoangg\Desktop\AI\AI_LOCAL\APP_share\pc-host\tests\Core.Tests\bin\Debug\net8.0\Core.Tests.dll" adapterTypeName="executor://xunit/VsTestRunner2/netcoreapp" className="DisplayBridge.Core.Tests.ProtocolRoundtripTests" name="TouchBatch_Roundtrips" />
    </UnitTest>
    <UnitTest name="DisplayBridge.Core.Tests.FramingAndVideoFrameTests.WriteFramed_ThenReadFramed_RoundtripsAllMessageTypes" storage="c:\users\minhhoangg\desktop\ai\ai_local\app_share\pc-host\tests\core.tests\bin\debug\net8.0\core.tests.dll" id="277ae275-92fd-ae4c-53b7-c09fc68f17a4">
      <Execution id="92290fe9-d118-4fd8-9906-436443d35775" />
      <TestMethod codeBase="C:\Users\MInhhoangg\Desktop\AI\AI_LOCAL\APP_share\pc-host\tests\Core.Tests\bin\Debug\net8.0\Core.Tests.dll" adapterTypeName="executor://xunit/VsTestRunner2/netcoreapp" className="DisplayBridge.Core.Tests.FramingAndVideoFrameTests" name="WriteFramed_ThenReadFramed_RoundtripsAllMessageTypes" />
    </UnitTest>
    <UnitTest name="Core.Tests.SettingsChangeClassifierTests.Classify_MatchesCatalogTable(field: ConnectionPorts, expected: Reconnect)" storage="c:\users\minhhoangg\desktop\ai\ai_local\app_share\pc-host\tests\core.tests\bin\debug\net8.0\core.tests.dll" id="a0fb0b9d-de75-30bf-accd-ac4325611916">
      <Execution id="e2f4aa39-5679-4d96-96ae-f68fbbf4ce5f" />
      <TestMethod codeBase="C:\Users\MInhhoangg\Desktop\AI\AI_LOCAL\APP_share\pc-host\tests\Core.Tests\bin\Debug\net8.0\Core.Tests.dll" adapterTypeName="executor://xunit/VsTestRunner2/netcoreapp" className="Core.Tests.SettingsChangeClassifierTests" name="Classify_MatchesCatalogTable" />
    </UnitTest>
    <UnitTest name="Core.Tests.SettingsChangeClassifierTests.Classify_MatchesCatalogTable(field: InputPenPressureEnabled, expected: Live)" storage="c:\users\minhhoangg\desktop\ai\ai_local\app_share\pc-host\tests\core.tests\bin\debug\net8.0\core.tests.dll" id="6b2218c8-0b74-e54b-1149-e2f1e91feccf">
      <Execution id="d245ea4f-c322-4a7e-9635-9171c3892570" />
      <TestMethod codeBase="C:\Users\MInhhoangg\Desktop\AI\AI_LOCAL\APP_share\pc-host\tests\Core.Tests\bin\Debug\net8.0\Core.Tests.dll" adapterTypeName="executor://xunit/VsTestRunner2/netcoreapp" className="Core.Tests.SettingsChangeClassifierTests" name="Classify_MatchesCatalogTable" />
    </UnitTest>
    <UnitTest name="DisplayBridge.Core.Tests.ProtocolRoundtripTests.Config_Roundtrips" storage="c:\users\minhhoangg\desktop\ai\ai_local\app_share\pc-host\tests\core.tests\bin\debug\net8.0\core.tests.dll" id="5855e6cb-100e-5daa-92b3-f08779a83f87">
      <Execution id="ac38abc7-6dd0-4bd3-b947-0facca9e9da4" />
      <TestMethod codeBase="C:\Users\MInhhoangg\Desktop\AI\AI_LOCAL\APP_share\pc-host\tests\Core.Tests\bin\Debug\net8.0\Core.Tests.dll" adapterTypeName="executor://xunit/VsTestRunner2/netcoreapp" className="DisplayBridge.Core.Tests.ProtocolRoundtripTests" name="Config_Roundtrips" />
    </UnitTest>
    <UnitTest name="DisplayBridge.Core.Tests.ProtocolRoundtripTests.Caps_Roundtrips" storage="c:\users\minhhoangg\desktop\ai\ai_local\app_share\pc-host\tests\core.tests\bin\debug\net8.0\core.tests.dll" id="e58be24f-3ce1-91ca-026f-179b79f55743">
      <Execution id="45c0ff37-407a-4411-ae25-22bbc77fe616" />
      <TestMethod codeBase="C:\Users\MInhhoangg\Desktop\AI\AI_LOCAL\APP_share\pc-host\tests\Core.Tests\bin\Debug\net8.0\Core.Tests.dll" adapterTypeName="executor://xunit/VsTestRunner2/netcoreapp" className="DisplayBridge.Core.Tests.ProtocolRoundtripTests" name="Caps_Roundtrips" />
    </UnitTest>
    <UnitTest name="DisplayBridge.Core.Tests.InputModeClassifierTests.CustomEdgeZone_WidensForcedTouchRegion" storage="c:\users\minhhoangg\desktop\ai\ai_local\app_share\pc-host\tests\core.tests\bin\debug\net8.0\core.tests.dll" id="a15a0cfe-da24-d540-48a0-757e5f4def5d">
      <Execution id="27524ea0-a00a-421c-8070-c648952e3c8d" />
      <TestMethod codeBase="C:\Users\MInhhoangg\Desktop\AI\AI_LOCAL\APP_share\pc-host\tests\Core.Tests\bin\Debug\net8.0\Core.Tests.dll" adapterTypeName="executor://xunit/VsTestRunner2/netcoreapp" className="DisplayBridge.Core.Tests.InputModeClassifierTests" name="CustomEdgeZone_WidensForcedTouchRegion" />
    </UnitTest>
    <UnitTest name="DisplayBridge.Core.Tests.InputModeClassifierTests.TwoFingers_Concurrent_RoutesToTouch" storage="c:\users\minhhoangg\desktop\ai\ai_local\app_share\pc-host\tests\core.tests\bin\debug\net8.0\core.tests.dll" id="63bdfd35-2178-1036-69db-91644f862ada">
      <Execution id="55d763f1-15a4-4c70-b906-a51b3996c622" />
      <TestMethod codeBase="C:\Users\MInhhoangg\Desktop\AI\AI_LOCAL\APP_share\pc-host\tests\Core.Tests\bin\Debug\net8.0\Core.Tests.dll" adapterTypeName="executor://xunit/VsTestRunner2/netcoreapp" className="DisplayBridge.Core.Tests.InputModeClassifierTests" name="TwoFingers_Concurrent_RoutesToTouch" />
    </UnitTest>
    <UnitTest name="DisplayBridge.Core.Tests.InputModeClassifierTests.SingleFinger_InEdgeZone_ForcesTouchRoute(x: 32768, y: 65535)" storage="c:\users\minhhoangg\desktop\ai\ai_local\app_share\pc-host\tests\core.tests\bin\debug\net8.0\core.tests.dll" id="9aa14378-fb54-8298-93e6-d6e209873dbc">
      <Execution id="21d20816-ec92-4f91-9735-8233ea67675a" />
      <TestMethod codeBase="C:\Users\MInhhoangg\Desktop\AI\AI_LOCAL\APP_share\pc-host\tests\Core.Tests\bin\Debug\net8.0\Core.Tests.dll" adapterTypeName="executor://xunit/VsTestRunner2/netcoreapp" className="DisplayBridge.Core.Tests.InputModeClassifierTests" name="SingleFinger_InEdgeZone_ForcesTouchRoute" />
    </UnitTest>
    <UnitTest name="Core.Tests.SettingsStoreTests.Clamp_FpsCapAboveRefreshRate_IsClampedToRefreshRate" storage="c:\users\minhhoangg\desktop\ai\ai_local\app_share\pc-host\tests\core.tests\bin\debug\net8.0\core.tests.dll" id="11d93cd5-3203-942a-9776-222f309daf35">
      <Execution id="6f02b0c4-c218-439e-ae77-37c9fe717aff" />
      <TestMethod codeBase="C:\Users\MInhhoangg\Desktop\AI\AI_LOCAL\APP_share\pc-host\tests\Core.Tests\bin\Debug\net8.0\Core.Tests.dll" adapterTypeName="executor://xunit/VsTestRunner2/netcoreapp" className="Core.Tests.SettingsStoreTests" name="Clamp_FpsCapAboveRefreshRate_IsClampedToRefreshRate" />
    </UnitTest>
    <UnitTest name="Core.Tests.SettingsChangeClassifierTests.Classify_MatchesCatalogTable(field: DiagnosticsStatsOverlay, expected: Live)" storage="c:\users\minhhoangg\desktop\ai\ai_local\app_share\pc-host\tests\core.tests\bin\debug\net8.0\core.tests.dll" id="c91f4872-a3e7-6188-d102-3787d127285b">
      <Execution id="b57abb80-582a-4a71-a5a6-b8a86da9dab4" />
      <TestMethod codeBase="C:\Users\MInhhoangg\Desktop\AI\AI_LOCAL\APP_share\pc-host\tests\Core.Tests\bin\Debug\net8.0\Core.Tests.dll" adapterTypeName="executor://xunit/VsTestRunner2/netcoreapp" className="Core.Tests.SettingsChangeClassifierTests" name="Classify_MatchesCatalogTable" />
    </UnitTest>
    <UnitTest name="Core.Tests.SettingsChangeClassifierTests.Classify_MatchesCatalogTable(field: StreamingCodec, expected: ReMode)" storage="c:\users\minhhoangg\desktop\ai\ai_local\app_share\pc-host\tests\core.tests\bin\debug\net8.0\core.tests.dll" id="22a56365-d5b9-ca63-2e52-3cc5aafa303b">
      <Execution id="a1480685-65af-4df7-a14c-6c676b16bb98" />
      <TestMethod codeBase="C:\Users\MInhhoangg\Desktop\AI\AI_LOCAL\APP_share\pc-host\tests\Core.Tests\bin\Debug\net8.0\Core.Tests.dll" adapterTypeName="executor://xunit/VsTestRunner2/netcoreapp" className="Core.Tests.SettingsChangeClassifierTests" name="Classify_MatchesCatalogTable" />
    </UnitTest>
    <UnitTest name="DisplayBridge.Core.Tests.VideoStreamServerTests.WriteFrame_ThenReadFrame_RoundtripsHeaderAndPayload" storage="c:\users\minhhoangg\desktop\ai\ai_local\app_share\pc-host\tests\core.tests\bin\debug\net8.0\core.tests.dll" id="944171e2-5fa1-e353-8165-b4f1312a817f">
      <Execution id="0104bb9a-df95-4d3f-bd53-c171372ab262" />
      <TestMethod codeBase="C:\Users\MInhhoangg\Desktop\AI\AI_LOCAL\APP_share\pc-host\tests\Core.Tests\bin\Debug\net8.0\Core.Tests.dll" adapterTypeName="executor://xunit/VsTestRunner2/netcoreapp" className="DisplayBridge.Core.Tests.VideoStreamServerTests" name="WriteFrame_ThenReadFrame_RoundtripsHeaderAndPayload" />
    </UnitTest>
    <UnitTest name="DisplayBridge.Core.Tests.InputModeClassifierTests.NeedsCursorReleaseBeforeSwitch_TrueOnlyGoingCursorToTouch" storage="c:\users\minhhoangg\desktop\ai\ai_local\app_share\pc-host\tests\core.tests\bin\debug\net8.0\core.tests.dll" id="81b6f0c8-0b45-a1f3-42a4-afb65532ed15">
      <Execution id="2fc35315-ac88-4bef-ab48-29867507baf7" />
      <TestMethod codeBase="C:\Users\MInhhoangg\Desktop\AI\AI_LOCAL\APP_share\pc-host\tests\Core.Tests\bin\Debug\net8.0\Core.Tests.dll" adapterTypeName="executor://xunit/VsTestRunner2/netcoreapp" className="DisplayBridge.Core.Tests.InputModeClassifierTests" name="NeedsCursorReleaseBeforeSwitch_TrueOnlyGoingCursorToTouch" />
    </UnitTest>
    <UnitTest name="DisplayBridge.Core.Tests.VirtualMonitorLocatorTests.ToScreenPixels_MaxNormalized_ReturnsNearRectBottomRight" storage="c:\users\minhhoangg\desktop\ai\ai_local\app_share\pc-host\tests\core.tests\bin\debug\net8.0\core.tests.dll" id="6b2d2a11-617e-ad1f-d606-8ede47c17cf5">
      <Execution id="58fda13d-7562-417d-994e-bc6773a82d94" />
      <TestMethod codeBase="C:\Users\MInhhoangg\Desktop\AI\AI_LOCAL\APP_share\pc-host\tests\Core.Tests\bin\Debug\net8.0\Core.Tests.dll" adapterTypeName="executor://xunit/VsTestRunner2/netcoreapp" className="DisplayBridge.Core.Tests.VirtualMonitorLocatorTests" name="ToScreenPixels_MaxNormalized_ReturnsNearRectBottomRight" />
    </UnitTest>
    <UnitTest name="Core.Tests.SettingsStoreTests.Clamp_PenPressureGammaOutOfRange_IsClamped" storage="c:\users\minhhoangg\desktop\ai\ai_local\app_share\pc-host\tests\core.tests\bin\debug\net8.0\core.tests.dll" id="2cba9fe0-db56-c0bc-03fb-64c169242b24">
      <Execution id="cec5e5e6-ac10-4129-96f8-7e09d4d74392" />
      <TestMethod codeBase="C:\Users\MInhhoangg\Desktop\AI\AI_LOCAL\APP_share\pc-host\tests\Core.Tests\bin\Debug\net8.0\Core.Tests.dll" adapterTypeName="executor://xunit/VsTestRunner2/netcoreapp" className="Core.Tests.SettingsStoreTests" name="Clamp_PenPressureGammaOutOfRange_IsClamped" />
    </UnitTest>
    <UnitTest name="DisplayBridge.Core.Tests.InputModeClassifierTests.SingleFinger_InEdgeZone_ForcesTouchRoute(x: 32768, y: 0)" storage="c:\users\minhhoangg\desktop\ai\ai_local\app_share\pc-host\tests\core.tests\bin\debug\net8.0\core.tests.dll" id="c8dcf31f-f13f-34f3-cd3b-4dfd1194574c">
      <Execution id="a00783d4-864e-4de0-8edc-d202cb5642cb" />
      <TestMethod codeBase="C:\Users\MInhhoangg\Desktop\AI\AI_LOCAL\APP_share\pc-host\tests\Core.Tests\bin\Debug\net8.0\Core.Tests.dll" adapterTypeName="executor://xunit/VsTestRunner2/netcoreapp" className="DisplayBridge.Core.Tests.InputModeClassifierTests" name="SingleFinger_InEdgeZone_ForcesTouchRoute" />
    </UnitTest>
    <UnitTest name="DisplayBridge.Core.Tests.InputModeClassifierTests.SingleFinger_Move_StaysOnCursor" storage="c:\users\minhhoangg\desktop\ai\ai_local\app_share\pc-host\tests\core.tests\bin\debug\net8.0\core.tests.dll" id="515cd0b5-2c62-e13d-1f61-97ec7dab4c26">
      <Execution id="0905ed2f-bac1-40b5-86a0-59ae3d237cd6" />
      <TestMethod codeBase="C:\Users\MInhhoangg\Desktop\AI\AI_LOCAL\APP_share\pc-host\tests\Core.Tests\bin\Debug\net8.0\Core.Tests.dll" adapterTypeName="executor://xunit/VsTestRunner2/netcoreapp" className="DisplayBridge.Core.Tests.InputModeClassifierTests" name="SingleFinger_Move_StaysOnCursor" />
    </UnitTest>
  </TestDefinitions>
  <TestEntries>
    <TestEntry testId="22a56365-d5b9-ca63-2e52-3cc5aafa303b" executionId="a1480685-65af-4df7-a14c-6c676b16bb98" testListId="8c84fa94-04c1-424b-9868-57a2d4851a1d" />
    <TestEntry testId="08909fa9-db17-3fdb-aa39-ad2d1dafa6a6" executionId="5954e86b-ac91-4d3e-87aa-78c58bb40301" testListId="8c84fa94-04c1-424b-9868-57a2d4851a1d" />
    <TestEntry testId="21978119-2712-349c-6f4e-29b5ec80c349" executionId="22114cbc-e740-4684-a4d6-3415869f8d04" testListId="8c84fa94-04c1-424b-9868-57a2d4851a1d" />
    <TestEntry testId="6d54cc4e-dbbe-b976-f44c-841dbefa866b" executionId="a2a2a6e3-9c2b-4094-864b-5b4b4c4dc738" testListId="8c84fa94-04c1-424b-9868-57a2d4851a1d" />
    <TestEntry testId="424afcd0-9ddf-b9c0-1915-38d0828c1ac5" executionId="37cf715f-0eaf-42df-8b32-78a6c2e11091" testListId="8c84fa94-04c1-424b-9868-57a2d4851a1d" />
    <TestEntry testId="324fe1eb-45a1-9ca6-7f78-96ce7784500a" executionId="f6ac9bba-cb35-4c40-9b73-ee91189ebd7c" testListId="8c84fa94-04c1-424b-9868-57a2d4851a1d" />
    <TestEntry testId="62c95cf0-9971-bb8f-b507-59e3149bbd22" executionId="787aaab6-91e3-4831-bb2a-3941e759934f" testListId="8c84fa94-04c1-424b-9868-57a2d4851a1d" />
    <TestEntry testId="25999754-bf3e-97e7-0f5c-367f8e5b5764" executionId="4432f068-f554-439c-bebb-e027e778daf0" testListId="8c84fa94-04c1-424b-9868-57a2d4851a1d" />
    <TestEntry testId="e58be24f-3ce1-91ca-026f-179b79f55743" executionId="45c0ff37-407a-4411-ae25-22bbc77fe616" testListId="8c84fa94-04c1-424b-9868-57a2d4851a1d" />
    <TestEntry testId="c91f4872-a3e7-6188-d102-3787d127285b" executionId="b57abb80-582a-4a71-a5a6-b8a86da9dab4" testListId="8c84fa94-04c1-424b-9868-57a2d4851a1d" />
    <TestEntry testId="03680a0e-ae33-a648-116e-82caf615db3f" executionId="fd06352e-0876-4295-87fd-b4a362ab13d5" testListId="8c84fa94-04c1-424b-9868-57a2d4851a1d" />
    <TestEntry testId="63bdfd35-2178-1036-69db-91644f862ada" executionId="55d763f1-15a4-4c70-b906-a51b3996c622" testListId="8c84fa94-04c1-424b-9868-57a2d4851a1d" />
    <TestEntry testId="a261d2bd-5296-dc1b-3504-feea110e01f9" executionId="6419adee-00e7-4e4d-9622-51f4fd59cd87" testListId="8c84fa94-04c1-424b-9868-57a2d4851a1d" />
    <TestEntry testId="5bf1fe1d-2f0e-8e41-97d5-ee53764bd883" executionId="a85f2a75-b6b5-4d73-a1d9-c1a315ff8fd7" testListId="8c84fa94-04c1-424b-9868-57a2d4851a1d" />
    <TestEntry testId="0b6fcc64-6764-33ba-0158-595a98bbf7cc" executionId="50dc029b-9340-467b-9bc2-e97ccfe897e6" testListId="8c84fa94-04c1-424b-9868-57a2d4851a1d" />
    <TestEntry testId="8764ecfc-24a4-f552-e595-e7a13c12c8bf" executionId="9fb7fa21-22f0-45a6-a0bb-7e7eaf6fae77" testListId="8c84fa94-04c1-424b-9868-57a2d4851a1d" />
    <TestEntry testId="0011b5a9-3241-d0c4-a9f7-be1b1975b95b" executionId="9e7b621c-abbc-422d-9986-87d9a9e250b9" testListId="8c84fa94-04c1-424b-9868-57a2d4851a1d" />
    <TestEntry testId="39653fa4-6b9f-c5c4-7c4c-bdc0fda66876" executionId="baff0a9e-bd8f-41e4-a51b-b2faba71da9a" testListId="8c84fa94-04c1-424b-9868-57a2d4851a1d" />
    <TestEntry testId="c8dcf31f-f13f-34f3-cd3b-4dfd1194574c" executionId="a00783d4-864e-4de0-8edc-d202cb5642cb" testListId="8c84fa94-04c1-424b-9868-57a2d4851a1d" />
    <TestEntry testId="a0fb0b9d-de75-30bf-accd-ac4325611916" executionId="e2f4aa39-5679-4d96-96ae-f68fbbf4ce5f" testListId="8c84fa94-04c1-424b-9868-57a2d4851a1d" />
    <TestEntry testId="186d6ed7-fa2c-3ea3-916d-47be6be1ed22" executionId="fbc55480-da53-4b95-9baa-3e91c745a2ce" testListId="8c84fa94-04c1-424b-9868-57a2d4851a1d" />
    <TestEntry testId="27ed0ff6-6d77-e925-5937-697d647f9a91" executionId="51fecc90-24b0-4f97-8c26-356768ac3e9d" testListId="8c84fa94-04c1-424b-9868-57a2d4851a1d" />
    <TestEntry testId="03f0159e-9441-4e1b-a64f-b5b4bc789fd4" executionId="1b0a3c87-e9f7-4ef5-9f90-507f653a0acb" testListId="8c84fa94-04c1-424b-9868-57a2d4851a1d" />
    <TestEntry testId="5855e6cb-100e-5daa-92b3-f08779a83f87" executionId="ac38abc7-6dd0-4bd3-b947-0facca9e9da4" testListId="8c84fa94-04c1-424b-9868-57a2d4851a1d" />
    <TestEntry testId="a6061d0e-8278-082a-c0c2-dfa0aeed1d95" executionId="3a9da8e1-30bd-4de9-a496-497917563832" testListId="8c84fa94-04c1-424b-9868-57a2d4851a1d" />
    <TestEntry testId="3ddf3e42-fd9c-f730-0a3e-2738a1dfdd77" executionId="760a1fca-66c7-45de-802d-dcc6d359ad92" testListId="8c84fa94-04c1-424b-9868-57a2d4851a1d" />
    <TestEntry testId="869528b9-97b2-bd24-a3c5-d344b8d489ba" executionId="0ccdfafe-145c-4319-8c79-7319f84dc0b0" testListId="8c84fa94-04c1-424b-9868-57a2d4851a1d" />
    <TestEntry testId="277ae275-92fd-ae4c-53b7-c09fc68f17a4" executionId="92290fe9-d118-4fd8-9906-436443d35775" testListId="8c84fa94-04c1-424b-9868-57a2d4851a1d" />
    <TestEntry testId="e2dd1344-1eb8-55dc-1528-c95e3100fc43" executionId="42df58f4-97c4-4d0e-bc59-2f0fd6e84d54" testListId="8c84fa94-04c1-424b-9868-57a2d4851a1d" />
    <TestEntry testId="fea40cb1-1d1a-501f-759a-0d2065ed64a7" executionId="6d44d37a-b851-4fc2-b033-2448c6ec1f50" testListId="8c84fa94-04c1-424b-9868-57a2d4851a1d" />
    <TestEntry testId="7be56a48-328d-3ee0-7e13-b30a95107f56" executionId="aff686e1-1b67-44ce-b09b-9e2356f874ea" testListId="8c84fa94-04c1-424b-9868-57a2d4851a1d" />
    <TestEntry testId="57a92152-99a4-36fe-2f7d-57b727cbe8a3" executionId="77b158b5-d0e3-4b4b-acbd-863edff31855" testListId="8c84fa94-04c1-424b-9868-57a2d4851a1d" />
    <TestEntry testId="f9fa65c8-bc2b-4639-143d-38c3b8e06140" executionId="45d40542-aa66-4ba1-8bce-a624b7af974d" testListId="8c84fa94-04c1-424b-9868-57a2d4851a1d" />
    <TestEntry testId="023d7b21-8d76-79fa-5f6c-b4e0d4387cc9" executionId="7d115dee-fd49-4a2a-b306-d833ed610b6d" testListId="8c84fa94-04c1-424b-9868-57a2d4851a1d" />
    <TestEntry testId="11d93cd5-3203-942a-9776-222f309daf35" executionId="6f02b0c4-c218-439e-ae77-37c9fe717aff" testListId="8c84fa94-04c1-424b-9868-57a2d4851a1d" />
    <TestEntry testId="067f8747-807e-9923-c914-2f8806872dd8" executionId="58108a31-87d6-4edb-b846-8cf5890d4f23" testListId="8c84fa94-04c1-424b-9868-57a2d4851a1d" />
    <TestEntry testId="6321b09a-9e61-1744-127a-5b9be732244e" executionId="bffb5d0d-fab6-4c6a-bae3-60d41b89dd17" testListId="8c84fa94-04c1-424b-9868-57a2d4851a1d" />
    <TestEntry testId="66ddf6e0-53ec-d84a-6e87-5c839f0f2984" executionId="a258e250-14ed-4670-ad87-d789af129dbe" testListId="8c84fa94-04c1-424b-9868-57a2d4851a1d" />
    <TestEntry testId="6cbcb859-9c25-e83c-a670-fa48b737aef5" executionId="9b615200-eef5-4cca-b48e-bdb8cc5dd878" testListId="8c84fa94-04c1-424b-9868-57a2d4851a1d" />
    <TestEntry testId="d58a746e-7fc1-f27e-d5ed-c71e1ec0348c" executionId="347f3d8b-52c1-40c2-a7a4-f2b0903f997a" testListId="8c84fa94-04c1-424b-9868-57a2d4851a1d" />
    <TestEntry testId="c96ac0d7-e7c4-2a5f-37a1-ebc6be2bf480" executionId="568915cc-3a8f-425c-a2aa-dbe9fc78fdcf" testListId="8c84fa94-04c1-424b-9868-57a2d4851a1d" />
    <TestEntry testId="2f2fd36a-518c-45e1-307e-5997d168f7e2" executionId="80fc5a6d-c9ed-41f3-8630-d1c1f5774bd3" testListId="8c84fa94-04c1-424b-9868-57a2d4851a1d" />
    <TestEntry testId="6b2218c8-0b74-e54b-1149-e2f1e91feccf" executionId="d245ea4f-c322-4a7e-9635-9171c3892570" testListId="8c84fa94-04c1-424b-9868-57a2d4851a1d" />
    <TestEntry testId="6a625dba-37da-7e46-0a7f-82b47ea4784b" executionId="5a7e90ed-d063-4cc0-9766-5831d4d4cdd0" testListId="8c84fa94-04c1-424b-9868-57a2d4851a1d" />
    <TestEntry testId="838672e3-25c2-1936-ba03-354827c59174" executionId="f0fcf294-60a5-4e87-8fcb-11b259364f10" testListId="8c84fa94-04c1-424b-9868-57a2d4851a1d" />
    <TestEntry testId="81b6f0c8-0b45-a1f3-42a4-afb65532ed15" executionId="2fc35315-ac88-4bef-ab48-29867507baf7" testListId="8c84fa94-04c1-424b-9868-57a2d4851a1d" />
    <TestEntry testId="dc325a19-cefe-e6ce-d104-232785b2496e" executionId="e565cc32-a558-484c-9569-73aa242a4c34" testListId="8c84fa94-04c1-424b-9868-57a2d4851a1d" />
    <TestEntry testId="979217dc-2f65-e1bb-6062-144126bb473d" executionId="46d44c3c-d57d-4a16-8042-bc1ade2226d9" testListId="8c84fa94-04c1-424b-9868-57a2d4851a1d" />
    <TestEntry testId="9aa14378-fb54-8298-93e6-d6e209873dbc" executionId="21d20816-ec92-4f91-9735-8233ea67675a" testListId="8c84fa94-04c1-424b-9868-57a2d4851a1d" />
    <TestEntry testId="2c4a2136-81f2-0361-8f30-d92214f260a2" executionId="3fcbf548-97f8-40b0-af9d-64bda9a82c34" testListId="8c84fa94-04c1-424b-9868-57a2d4851a1d" />
    <TestEntry testId="2cba9fe0-db56-c0bc-03fb-64c169242b24" executionId="cec5e5e6-ac10-4129-96f8-7e09d4d74392" testListId="8c84fa94-04c1-424b-9868-57a2d4851a1d" />
    <TestEntry testId="25bec494-d6b8-9a4c-e149-20c1f3d76614" executionId="80a41ddf-f74a-406f-bc1c-bd10c108ca78" testListId="8c84fa94-04c1-424b-9868-57a2d4851a1d" />
    <TestEntry testId="724f4b4f-f255-39d5-b009-ac2888b67876" executionId="00db0e41-c54f-4119-9de0-5868ea14d5f7" testListId="8c84fa94-04c1-424b-9868-57a2d4851a1d" />
    <TestEntry testId="974c8b86-3ecf-d7df-3b60-2ce86d275750" executionId="a52aae2a-1b5e-409d-bb3d-1abd2a90b04d" testListId="8c84fa94-04c1-424b-9868-57a2d4851a1d" />
    <TestEntry testId="6b2d2a11-617e-ad1f-d606-8ede47c17cf5" executionId="58fda13d-7562-417d-994e-bc6773a82d94" testListId="8c84fa94-04c1-424b-9868-57a2d4851a1d" />
    <TestEntry testId="944171e2-5fa1-e353-8165-b4f1312a817f" executionId="0104bb9a-df95-4d3f-bd53-c171372ab262" testListId="8c84fa94-04c1-424b-9868-57a2d4851a1d" />
    <TestEntry testId="23c3ac1d-db0a-c5c5-303b-8cfb6edee36a" executionId="dd745263-6857-4b95-afd6-b962a5e3b3d6" testListId="8c84fa94-04c1-424b-9868-57a2d4851a1d" />
    <TestEntry testId="59639b12-e498-a69b-b9e4-aa873b95f6e4" executionId="1a5f3cfa-550a-474d-8577-f2abdc0d241a" testListId="8c84fa94-04c1-424b-9868-57a2d4851a1d" />
    <TestEntry testId="154f536e-3424-bae6-365c-3df1e3a2b55f" executionId="903ce814-72d3-4caf-a9d2-915019a79f5f" testListId="8c84fa94-04c1-424b-9868-57a2d4851a1d" />
    <TestEntry testId="a15a0cfe-da24-d540-48a0-757e5f4def5d" executionId="27524ea0-a00a-421c-8070-c648952e3c8d" testListId="8c84fa94-04c1-424b-9868-57a2d4851a1d" />
    <TestEntry testId="046b4495-74be-32c9-7a8e-f2f3146def7f" executionId="7aac590b-f01f-46d4-a9c2-58a3518c7f94" testListId="8c84fa94-04c1-424b-9868-57a2d4851a1d" />
    <TestEntry testId="b59ac27d-2c57-0b55-e352-f4db1934a7dc" executionId="3749faa3-1cc4-4970-9e42-64be2424df14" testListId="8c84fa94-04c1-424b-9868-57a2d4851a1d" />
    <TestEntry testId="8cd5ca85-7ad7-5bf1-3e97-642193a35774" executionId="70cdd25f-bd0b-4869-8a25-3407a80c3de2" testListId="8c84fa94-04c1-424b-9868-57a2d4851a1d" />
    <TestEntry testId="515cd0b5-2c62-e13d-1f61-97ec7dab4c26" executionId="0905ed2f-bac1-40b5-86a0-59ae3d237cd6" testListId="8c84fa94-04c1-424b-9868-57a2d4851a1d" />
    <TestEntry testId="5231a163-7321-c01b-436a-a7282f523a50" executionId="e077c987-a40d-48f4-b352-2864eae95fad" testListId="8c84fa94-04c1-424b-9868-57a2d4851a1d" />
    <TestEntry testId="98480874-b86a-8f9c-79a4-ab6f58d66d02" executionId="5b983d1d-6006-41d2-84bd-707fa35543fe" testListId="8c84fa94-04c1-424b-9868-57a2d4851a1d" />
    <TestEntry testId="1cf1d9ba-c43e-66c8-3413-ae92a858027c" executionId="c876b586-6ab4-49cd-9327-3106a2a01bc2" testListId="8c84fa94-04c1-424b-9868-57a2d4851a1d" />
    <TestEntry testId="aee4f4b2-1f7f-437e-11cf-cc0971292e1e" executionId="0cfa4aa3-2176-4472-964a-8b70514b2242" testListId="8c84fa94-04c1-424b-9868-57a2d4851a1d" />
    <TestEntry testId="989f7d84-a8e9-45d8-6936-c89fce0710f2" executionId="4c8551a2-7f76-4d51-8462-5f6ab9ab6d4e" testListId="8c84fa94-04c1-424b-9868-57a2d4851a1d" />
  </TestEntries>
  <TestLists>
    <TestList name="Results Not in a List" id="8c84fa94-04c1-424b-9868-57a2d4851a1d" />
    <TestList name="All Loaded Results" id="19431567-8539-422a-85d7-44ee4e166bda" />
  </TestLists>
  <ResultSummary outcome="Completed">
    <Counters total="69" executed="69" passed="69" failed="0" error="0" timeout="0" aborted="0" inconclusive="0" passedButRunAborted="0" notRunnable="0" notExecuted="0" disconnected="0" warning="0" completed="0" inProgress="0" pending="0" />
    <Output>
      <StdOut>[xUnit.net 00:00:00.00] xUnit.net VSTest Adapter v2.8.2+699d445a1a (64-bit .NET 8.0.22)&#xD;
[xUnit.net 00:00:00.05]   Discovering: Core.Tests&#xD;
[xUnit.net 00:00:00.08]   Discovered:  Core.Tests&#xD;
[xUnit.net 00:00:00.08]   Starting:    Core.Tests&#xD;
[xUnit.net 00:00:00.19]   Finished:    Core.Tests&#xD;
</StdOut>
    </Output>
  </ResultSummary>
</TestRun>